{"numTotalTestSuites":64,"numPassedTestSuites":31,"numFailedTestSuites":33,"numPendingTestSuites":0,"numTotalTests":139,"numPassedTests":114,"numFailedTests":25,"numPendingTests":0,"numTodoTests":0,"snapshot":{"added":0,"failure":false,"filesAdded":0,"filesRemoved":0,"filesRemovedList":[],"filesUnmatched":0,"filesUpdated":0,"matched":0,"total":0,"unchecked":0,"uncheckedKeysByFile":[],"unmatched":0,"updated":0,"didUpdate":false},"startTime":1770821373129,"success":false,"testResults":[{"assertionResults":[],"startTime":1770821373129,"endTime":1770821373129,"status":"failed","message":"Playwright Test did not expect test.describe() to be called here.\nMost common reasons include:\n- You are calling test.describe() in a configuration file.\n- You are calling test.describe() in a file that is imported by the configuration file.\n- You have two different versions of @playwright/test. This usually happens\n  when one of the dependencies in your package.json depends on @playwright/test.","name":"/home/dang/dev/physioflow/apps/web/tests/e2e/accessibility.spec.ts"},{"assertionResults":[],"startTime":1770821373129,"endTime":1770821373129,"status":"failed","message":"Playwright Test did not expect test.describe() to be called here.\nMost common reasons include:\n- You are calling test.describe() in a configuration file.\n- You are calling test.describe() in a file that is imported by the configuration file.\n- You have two different versions of @playwright/test. This usually happens\n  when one of the dependencies in your package.json depends on @playwright/test.","name":"/home/dang/dev/physioflow/apps/web/tests/e2e/auth.spec.ts"},{"assertionResults":[],"startTime":1770821373129,"endTime":1770821373129,"status":"failed","message":"Playwright Test did not expect test.describe() to be called here.\nMost common reasons include:\n- You are calling test.describe() in a configuration file.\n- You are calling test.describe() in a file that is imported by the configuration file.\n- You have two different versions of @playwright/test. This usually happens\n  when one of the dependencies in your package.json depends on @playwright/test.","name":"/home/dang/dev/physioflow/apps/web/tests/e2e/billing.spec.ts"},{"assertionResults":[],"startTime":1770821373129,"endTime":1770821373129,"status":"failed","message":"Playwright Test did not expect test.describe() to be called here.\nMost common reasons include:\n- You are calling test.describe() in a configuration file.\n- You are calling test.describe() in a file that is imported by the configuration file.\n- You have two different versions of @playwright/test. This usually happens\n  when one of the dependencies in your package.json depends on @playwright/test.","name":"/home/dang/dev/physioflow/apps/web/tests/e2e/checklist.spec.ts"},{"assertionResults":[],"startTime":1770821373129,"endTime":1770821373129,"status":"failed","message":"Playwright Test did not expect test.describe() to be called here.\nMost common reasons include:\n- You are calling test.describe() in a configuration file.\n- You are calling test.describe() in a file that is imported by the configuration file.\n- You have two different versions of @playwright/test. This usually happens\n  when one of the dependencies in your package.json depends on @playwright/test.","name":"/home/dang/dev/physioflow/apps/web/tests/e2e/discharge.spec.ts"},{"assertionResults":[],"startTime":1770821373129,"endTime":1770821373129,"status":"failed","message":"Playwright Test did not expect test.describe() to be called here.\nMost common reasons include:\n- You are calling test.describe() in a configuration file.\n- You are calling test.describe() in a file that is imported by the configuration file.\n- You have two different versions of @playwright/test. This usually happens\n  when one of the dependencies in your package.json depends on @playwright/test.","name":"/home/dang/dev/physioflow/apps/web/tests/e2e/exercises.spec.ts"},{"assertionResults":[],"startTime":1770821373129,"endTime":1770821373129,"status":"failed","message":"Playwright Test did not expect test.describe() to be called here.\nMost common reasons include:\n- You are calling test.describe() in a configuration file.\n- You are calling test.describe() in a file that is imported by the configuration file.\n- You have two different versions of @playwright/test. This usually happens\n  when one of the dependencies in your package.json depends on @playwright/test.","name":"/home/dang/dev/physioflow/apps/web/tests/e2e/i18n.spec.ts"},{"assertionResults":[],"startTime":1770821373129,"endTime":1770821373129,"status":"failed","message":"Playwright Test did not expect test.describe() to be called here.\nMost common reasons include:\n- You are calling test.describe() in a configuration file.\n- You are calling test.describe() in a file that is imported by the configuration file.\n- You have two different versions of @playwright/test. This usually happens\n  when one of the dependencies in your package.json depends on @playwright/test.","name":"/home/dang/dev/physioflow/apps/web/tests/e2e/insurance.spec.ts"},{"assertionResults":[],"startTime":1770821373129,"endTime":1770821373129,"status":"failed","message":"Playwright Test did not expect test.describe() to be called here.\nMost common reasons include:\n- You are calling test.describe() in a configuration file.\n- You are calling test.describe() in a file that is imported by the configuration file.\n- You have two different versions of @playwright/test. This usually happens\n  when one of the dependencies in your package.json depends on @playwright/test.","name":"/home/dang/dev/physioflow/apps/web/tests/e2e/outcome-measures.spec.ts"},{"assertionResults":[],"startTime":1770821373129,"endTime":1770821373129,"status":"failed","message":"Playwright Test did not expect test.describe() to be called here.\nMost common reasons include:\n- You are calling test.describe() in a configuration file.\n- You are calling test.describe() in a file that is imported by the configuration file.\n- You have two different versions of @playwright/test. This usually happens\n  when one of the dependencies in your package.json depends on @playwright/test.","name":"/home/dang/dev/physioflow/apps/web/tests/e2e/patients.spec.ts"},{"assertionResults":[],"startTime":1770821373129,"endTime":1770821373129,"status":"failed","message":"Playwright Test did not expect test.describe() to be called here.\nMost common reasons include:\n- You are calling test.describe() in a configuration file.\n- You are calling test.describe() in a file that is imported by the configuration file.\n- You have two different versions of @playwright/test. This usually happens\n  when one of the dependencies in your package.json depends on @playwright/test.","name":"/home/dang/dev/physioflow/apps/web/tests/e2e/protocols.spec.ts"},{"assertionResults":[],"startTime":1770821373129,"endTime":1770821373129,"status":"failed","message":"Playwright Test did not expect test.describe() to be called here.\nMost common reasons include:\n- You are calling test.describe() in a configuration file.\n- You are calling test.describe() in a file that is imported by the configuration file.\n- You have two different versions of @playwright/test. This usually happens\n  when one of the dependencies in your package.json depends on @playwright/test.","name":"/home/dang/dev/physioflow/apps/web/tests/e2e/responsive.spec.ts"},{"assertionResults":[],"startTime":1770821373129,"endTime":1770821373129,"status":"failed","message":"Playwright Test did not expect test.describe() to be called here.\nMost common reasons include:\n- You are calling test.describe() in a configuration file.\n- You are calling test.describe() in a file that is imported by the configuration file.\n- You have two different versions of @playwright/test. This usually happens\n  when one of the dependencies in your package.json depends on @playwright/test.","name":"/home/dang/dev/physioflow/apps/web/tests/e2e/schedule.spec.ts"},{"assertionResults":[{"ancestorTitles":["use-billing hooks","useServiceCodes"],"fullName":"use-billing hooks useServiceCodes fetches all service codes successfully","status":"passed","title":"fetches all service codes successfully","duration":101.74506900000006,"failureMessages":[],"meta":{}},{"ancestorTitles":["use-billing hooks","useServiceCodes"],"fullName":"use-billing hooks useServiceCodes handles empty service codes array","status":"passed","title":"handles empty service codes array","duration":60.43118999999979,"failureMessages":[],"meta":{}},{"ancestorTitles":["use-billing hooks","useServiceCodes"],"fullName":"use-billing hooks useServiceCodes does not fetch when disabled","status":"passed","title":"does not fetch when disabled","duration":7.906971999999769,"failureMessages":[],"meta":{}},{"ancestorTitles":["use-billing hooks","useServiceCodes"],"fullName":"use-billing hooks useServiceCodes has 10 minute stale time","status":"passed","title":"has 10 minute stale time","duration":5.794866000000184,"failureMessages":[],"meta":{}},{"ancestorTitles":["use-billing hooks","useInvoices"],"fullName":"use-billing hooks useInvoices fetches invoices with pagination","status":"passed","title":"fetches invoices with pagination","duration":58.946969999999965,"failureMessages":[],"meta":{}},{"ancestorTitles":["use-billing hooks","useInvoices"],"fullName":"use-billing hooks useInvoices filters invoices by patient","status":"passed","title":"filters invoices by patient","duration":11.079650000000129,"failureMessages":[],"meta":{}},{"ancestorTitles":["use-billing hooks","useInvoices"],"fullName":"use-billing hooks useInvoices filters invoices by status","status":"passed","title":"filters invoices by status","duration":8.279725999999755,"failureMessages":[],"meta":{}},{"ancestorTitles":["use-billing hooks","usePatientInvoices"],"fullName":"use-billing hooks usePatientInvoices fetches invoices for specific patient","status":"passed","title":"fetches invoices for specific patient","duration":57.03802900000028,"failureMessages":[],"meta":{}},{"ancestorTitles":["use-billing hooks","usePatientInvoices"],"fullName":"use-billing hooks usePatientInvoices does not fetch when patientId is empty","status":"passed","title":"does not fetch when patientId is empty","duration":8.093693000000258,"failureMessages":[],"meta":{}},{"ancestorTitles":["use-billing hooks","usePatientInvoices"],"fullName":"use-billing hooks usePatientInvoices does not fetch when disabled","status":"passed","title":"does not fetch when disabled","duration":4.263038999999935,"failureMessages":[],"meta":{}},{"ancestorTitles":["use-billing hooks","useInvoice"],"fullName":"use-billing hooks useInvoice fetches single invoice by ID","status":"passed","title":"fetches single invoice by ID","duration":56.944692999999916,"failureMessages":[],"meta":{}},{"ancestorTitles":["use-billing hooks","useInvoice"],"fullName":"use-billing hooks useInvoice does not fetch when disabled","status":"passed","title":"does not fetch when disabled","duration":6.285319000000072,"failureMessages":[],"meta":{}},{"ancestorTitles":["use-billing hooks","useCreateInvoice"],"fullName":"use-billing hooks useCreateInvoice creates invoice successfully","status":"passed","title":"creates invoice successfully","duration":7.833752000000004,"failureMessages":[],"meta":{}},{"ancestorTitles":["use-billing hooks","useCreateInvoice"],"fullName":"use-billing hooks useCreateInvoice invalidates invoice queries on success","status":"passed","title":"invalidates invoice queries on success","duration":5.1609339999999975,"failureMessages":[],"meta":{}},{"ancestorTitles":["use-billing hooks","useCreateInvoice"],"fullName":"use-billing hooks useCreateInvoice handles API error on create","status":"passed","title":"handles API error on create","duration":5.916838999999982,"failureMessages":[],"meta":{}},{"ancestorTitles":["use-billing hooks","useCalculateBilling"],"fullName":"use-billing hooks useCalculateBilling calculates billing preview with insurance coverage","status":"passed","title":"calculates billing preview with insurance coverage","duration":55.652320000000145,"failureMessages":[],"meta":{}},{"ancestorTitles":["use-billing hooks","useCalculateBilling"],"fullName":"use-billing hooks useCalculateBilling calculates billing for multiple service codes","status":"passed","title":"calculates billing for multiple service codes","duration":55.97845300000017,"failureMessages":[],"meta":{}},{"ancestorTitles":["use-billing hooks","useCalculateBilling"],"fullName":"use-billing hooks useCalculateBilling does not fetch when service code array is empty","status":"passed","title":"does not fetch when service code array is empty","duration":3.336934000000383,"failureMessages":[],"meta":{}},{"ancestorTitles":["use-billing hooks","useCalculateBilling"],"fullName":"use-billing hooks useCalculateBilling does not fetch when patientId is empty","status":"passed","title":"does not fetch when patientId is empty","duration":3.6071649999998954,"failureMessages":[],"meta":{}},{"ancestorTitles":["use-billing hooks","useCalculateBilling"],"fullName":"use-billing hooks useCalculateBilling does not fetch when disabled","status":"passed","title":"does not fetch when disabled","duration":3.8328590000000986,"failureMessages":[],"meta":{}},{"ancestorTitles":["use-billing hooks","useCalculateBilling"],"fullName":"use-billing hooks useCalculateBilling sends correct payload to API","status":"passed","title":"sends correct payload to API","duration":11.074997000000167,"failureMessages":[],"meta":{}},{"ancestorTitles":["use-billing hooks","usePaymentHistory"],"fullName":"use-billing hooks usePaymentHistory fetches payment history for patient","status":"passed","title":"fetches payment history for patient","duration":58.312872999999854,"failureMessages":[],"meta":{}},{"ancestorTitles":["use-billing hooks","usePaymentHistory"],"fullName":"use-billing hooks usePaymentHistory does not fetch when patientId is empty","status":"passed","title":"does not fetch when patientId is empty","duration":3.5605780000000777,"failureMessages":[],"meta":{}},{"ancestorTitles":["use-billing hooks","usePaymentHistory"],"fullName":"use-billing hooks usePaymentHistory does not fetch when disabled","status":"passed","title":"does not fetch when disabled","duration":3.7056290000000445,"failureMessages":[],"meta":{}},{"ancestorTitles":["use-billing hooks","useRecordPayment"],"fullName":"use-billing hooks useRecordPayment records payment successfully","status":"passed","title":"records payment successfully","duration":4.090013999999883,"failureMessages":[],"meta":{}},{"ancestorTitles":["use-billing hooks","useRecordPayment"],"fullName":"use-billing hooks useRecordPayment invalidates invoice and payment queries on success","status":"passed","title":"invalidates invoice and payment queries on success","duration":3.8126689999999144,"failureMessages":[],"meta":{}},{"ancestorTitles":["use-billing hooks","useRecordPayment"],"fullName":"use-billing hooks useRecordPayment handles API error on record payment","status":"passed","title":"handles API error on record payment","duration":3.830037000000175,"failureMessages":[],"meta":{}}],"startTime":1770821376020,"endTime":1770821376639.83,"status":"passed","message":"","name":"/home/dang/dev/physioflow/apps/web/src/hooks/__tests__/use-billing.test.ts"},{"assertionResults":[{"ancestorTitles":["use-insurance hooks","validateBhytCardLocal"],"fullName":"use-insurance hooks validateBhytCardLocal validates correct card format","status":"passed","title":"validates correct card format","duration":4.347150000000056,"failureMessages":[],"meta":{}},{"ancestorTitles":["use-insurance hooks","validateBhytCardLocal"],"fullName":"use-insurance hooks validateBhytCardLocal rejects invalid format - too short","status":"passed","title":"rejects invalid format - too short","duration":1.1381610000003093,"failureMessages":[],"meta":{}},{"ancestorTitles":["use-insurance hooks","validateBhytCardLocal"],"fullName":"use-insurance hooks validateBhytCardLocal rejects invalid format - too long","status":"passed","title":"rejects invalid format - too long","duration":0.7718569999997271,"failureMessages":[],"meta":{}},{"ancestorTitles":["use-insurance hooks","validateBhytCardLocal"],"fullName":"use-insurance hooks validateBhytCardLocal rejects invalid format - wrong pattern","status":"passed","title":"rejects invalid format - wrong pattern","duration":1.0053280000001905,"failureMessages":[],"meta":{}},{"ancestorTitles":["use-insurance hooks","validateBhytCardLocal"],"fullName":"use-insurance hooks validateBhytCardLocal rejects unknown prefix code","status":"passed","title":"rejects unknown prefix code","duration":0.6556359999999586,"failureMessages":[],"meta":{}},{"ancestorTitles":["use-insurance hooks","validateBhytCardLocal"],"fullName":"use-insurance hooks validateBhytCardLocal handles lowercase input","status":"passed","title":"handles lowercase input","duration":0.7754460000001018,"failureMessages":[],"meta":{}},{"ancestorTitles":["use-insurance hooks","validateBhytCardLocal"],"fullName":"use-insurance hooks validateBhytCardLocal validates all known prefix codes","status":"passed","title":"validates all known prefix codes","duration":4.07115900000008,"failureMessages":[],"meta":{}},{"ancestorTitles":["use-insurance hooks","validateBhytCardLocal"],"fullName":"use-insurance hooks validateBhytCardLocal trims whitespace from input","status":"passed","title":"trims whitespace from input","duration":0.4582439999999224,"failureMessages":[],"meta":{}},{"ancestorTitles":["use-insurance hooks","usePatientInsurance"],"fullName":"use-insurance hooks usePatientInsurance fetches patient insurance successfully","status":"passed","title":"fetches patient insurance successfully","duration":90.45088600000008,"failureMessages":[],"meta":{}},{"ancestorTitles":["use-insurance hooks","usePatientInsurance"],"fullName":"use-insurance hooks usePatientInsurance does not fetch when patientId is empty","status":"passed","title":"does not fetch when patientId is empty","duration":8.044824000000062,"failureMessages":[],"meta":{}},{"ancestorTitles":["use-insurance hooks","usePatientInsurance"],"fullName":"use-insurance hooks usePatientInsurance handles API error","status":"passed","title":"handles API error","duration":59.235149999999976,"failureMessages":[],"meta":{}},{"ancestorTitles":["use-insurance hooks","useInsuranceValidation"],"fullName":"use-insurance hooks useInsuranceValidation validates card with valid format locally","status":"passed","title":"validates card with valid format locally","duration":13.168103999999857,"failureMessages":[],"meta":{}},{"ancestorTitles":["use-insurance hooks","useInsuranceValidation"],"fullName":"use-insurance hooks useInsuranceValidation calls API for deeper validation after local check","status":"passed","title":"calls API for deeper validation after local check","duration":7.537033999999949,"failureMessages":[],"meta":{}},{"ancestorTitles":["use-insurance hooks","useInsuranceValidation"],"fullName":"use-insurance hooks useInsuranceValidation returns local validation if API fails","status":"passed","title":"returns local validation if API fails","duration":4.389492000000246,"failureMessages":[],"meta":{}},{"ancestorTitles":["use-insurance hooks","useInsuranceValidation"],"fullName":"use-insurance hooks useInsuranceValidation detects expired cards from API","status":"passed","title":"detects expired cards from API","duration":5.151335999999901,"failureMessages":[],"meta":{}},{"ancestorTitles":["use-insurance hooks","useInsuranceValidation"],"fullName":"use-insurance hooks useInsuranceValidation rejects invalid card format before API call","status":"passed","title":"rejects invalid card format before API call","duration":4.453860999999961,"failureMessages":[],"meta":{}},{"ancestorTitles":["use-insurance hooks","useCreateInsurance"],"fullName":"use-insurance hooks useCreateInsurance creates insurance successfully","status":"passed","title":"creates insurance successfully","duration":5.741252999999688,"failureMessages":[],"meta":{}},{"ancestorTitles":["use-insurance hooks","useCreateInsurance"],"fullName":"use-insurance hooks useCreateInsurance invalidates patient insurance query on success","status":"passed","title":"invalidates patient insurance query on success","duration":2.7780079999997724,"failureMessages":[],"meta":{}},{"ancestorTitles":["use-insurance hooks","useCreateInsurance"],"fullName":"use-insurance hooks useCreateInsurance handles API error on create","status":"passed","title":"handles API error on create","duration":3.7659490000000915,"failureMessages":[],"meta":{}},{"ancestorTitles":["use-insurance hooks","useUpdateInsurance"],"fullName":"use-insurance hooks useUpdateInsurance updates insurance successfully","status":"passed","title":"updates insurance successfully","duration":4.006803999999647,"failureMessages":[],"meta":{}},{"ancestorTitles":["use-insurance hooks","useUpdateInsurance"],"fullName":"use-insurance hooks useUpdateInsurance updates query cache on success","status":"passed","title":"updates query cache on success","duration":2.8882629999998244,"failureMessages":[],"meta":{}},{"ancestorTitles":["use-insurance hooks","useCalculateCoverage"],"fullName":"use-insurance hooks useCalculateCoverage calculates coverage from API","status":"passed","title":"calculates coverage from API","duration":55.747202000000016,"failureMessages":[],"meta":{}},{"ancestorTitles":["use-insurance hooks","useCalculateCoverage"],"fullName":"use-insurance hooks useCalculateCoverage returns fallback calculation on API error","status":"passed","title":"returns fallback calculation on API error","duration":56.02428899999995,"failureMessages":[],"meta":{}},{"ancestorTitles":["use-insurance hooks","useCalculateCoverage"],"fullName":"use-insurance hooks useCalculateCoverage does not fetch when amount is zero","status":"passed","title":"does not fetch when amount is zero","duration":3.8595869999999195,"failureMessages":[],"meta":{}},{"ancestorTitles":["use-insurance hooks","useCalculateCoverage"],"fullName":"use-insurance hooks useCalculateCoverage does not fetch when patientId is empty","status":"passed","title":"does not fetch when patientId is empty","duration":4.03577899999982,"failureMessages":[],"meta":{}},{"ancestorTitles":["use-insurance hooks","useCalculateCoverage"],"fullName":"use-insurance hooks useCalculateCoverage passes amount as query parameter","status":"passed","title":"passes amount as query parameter","duration":6.897441999999955,"failureMessages":[],"meta":{}}],"startTime":1770821376017,"endTime":1770821376370.8975,"status":"passed","message":"","name":"/home/dang/dev/physioflow/apps/web/src/hooks/__tests__/use-insurance.test.ts"},{"assertionResults":[{"ancestorTitles":["use-outcome-measures hooks","MEASURE_LIBRARY"],"fullName":"use-outcome-measures hooks MEASURE_LIBRARY contains all expected measure types","status":"passed","title":"contains all expected measure types","duration":3.5828699999997298,"failureMessages":[],"meta":{}},{"ancestorTitles":["use-outcome-measures hooks","MEASURE_LIBRARY"],"fullName":"use-outcome-measures hooks MEASURE_LIBRARY has valid MCID values for all measures","status":"passed","title":"has valid MCID values for all measures","duration":1.5969669999999496,"failureMessages":[],"meta":{}},{"ancestorTitles":["use-outcome-measures hooks","MEASURE_LIBRARY"],"fullName":"use-outcome-measures hooks MEASURE_LIBRARY has correct higherIsBetter flags","status":"passed","title":"has correct higherIsBetter flags","duration":3.416208000000097,"failureMessages":[],"meta":{}},{"ancestorTitles":["use-outcome-measures hooks","getMeasureDefinition"],"fullName":"use-outcome-measures hooks getMeasureDefinition returns correct definition for VAS","status":"passed","title":"returns correct definition for VAS","duration":1.4139369999998053,"failureMessages":[],"meta":{}},{"ancestorTitles":["use-outcome-measures hooks","getMeasureDefinition"],"fullName":"use-outcome-measures hooks getMeasureDefinition returns correct definition for LEFS","status":"passed","title":"returns correct definition for LEFS","duration":0.8181429999999636,"failureMessages":[],"meta":{}},{"ancestorTitles":["use-outcome-measures hooks","getMeasureDefinition"],"fullName":"use-outcome-measures hooks getMeasureDefinition returns undefined for unknown measure type","status":"passed","title":"returns undefined for unknown measure type","duration":0.3875670000002174,"failureMessages":[],"meta":{}},{"ancestorTitles":["use-outcome-measures hooks","useMeasureLibrary"],"fullName":"use-outcome-measures hooks useMeasureLibrary returns the static measure library","status":"passed","title":"returns the static measure library","duration":93.10098800000014,"failureMessages":[],"meta":{}},{"ancestorTitles":["use-outcome-measures hooks","useMeasureLibrary"],"fullName":"use-outcome-measures hooks useMeasureLibrary has infinite staleTime","status":"failed","title":"has infinite staleTime","duration":27.155051000000185,"failureMessages":["AssertionError: expected true to be false // Object.is equality\n    at /home/dang/dev/physioflow/apps/web/src/hooks/__tests__/use-outcome-measures.test.ts:110:38\n    at file:///home/dang/dev/physioflow/node_modules/.pnpm/@vitest+runner@4.0.18/node_modules/@vitest/runner/dist/index.js:145:11\n    at file:///home/dang/dev/physioflow/node_modules/.pnpm/@vitest+runner@4.0.18/node_modules/@vitest/runner/dist/index.js:915:26\n    at file:///home/dang/dev/physioflow/node_modules/.pnpm/@vitest+runner@4.0.18/node_modules/@vitest/runner/dist/index.js:1243:20\n    at new Promise (<anonymous>)\n    at runWithTimeout (file:///home/dang/dev/physioflow/node_modules/.pnpm/@vitest+runner@4.0.18/node_modules/@vitest/runner/dist/index.js:1209:10)\n    at file:///home/dang/dev/physioflow/node_modules/.pnpm/@vitest+runner@4.0.18/node_modules/@vitest/runner/dist/index.js:1653:37\n    at Traces.$ (file:///home/dang/dev/physioflow/node_modules/.pnpm/vitest@4.0.18_@types+node@20.19.28_@vitest+ui@4.0.18_happy-dom@20.6.1_jiti@1.21.7_jsdom@28.0.0_terser@5.44.1_yaml@2.8.2/node_modules/vitest/dist/chunks/traces.CCmnQaNT.js:142:27)\n    at trace (file:///home/dang/dev/physioflow/node_modules/.pnpm/vitest@4.0.18_@types+node@20.19.28_@vitest+ui@4.0.18_happy-dom@20.6.1_jiti@1.21.7_jsdom@28.0.0_terser@5.44.1_yaml@2.8.2/node_modules/vitest/dist/chunks/test.B8ej_ZHS.js:239:21)\n    at runTest (file:///home/dang/dev/physioflow/node_modules/.pnpm/@vitest+runner@4.0.18/node_modules/@vitest/runner/dist/index.js:1653:12)"],"meta":{}},{"ancestorTitles":["use-outcome-measures hooks","usePatientMeasures"],"fullName":"use-outcome-measures hooks usePatientMeasures fetches all measures for a patient","status":"passed","title":"fetches all measures for a patient","duration":60.34282699999994,"failureMessages":[],"meta":{}},{"ancestorTitles":["use-outcome-measures hooks","usePatientMeasures"],"fullName":"use-outcome-measures hooks usePatientMeasures handles empty measurements array","status":"passed","title":"handles empty measurements array","duration":57.47771300000022,"failureMessages":[],"meta":{}},{"ancestorTitles":["use-outcome-measures hooks","usePatientMeasures"],"fullName":"use-outcome-measures hooks usePatientMeasures does not fetch when disabled","status":"passed","title":"does not fetch when disabled","duration":7.204811000000063,"failureMessages":[],"meta":{}},{"ancestorTitles":["use-outcome-measures hooks","usePatientMeasures"],"fullName":"use-outcome-measures hooks usePatientMeasures does not fetch when patientId is empty","status":"passed","title":"does not fetch when patientId is empty","duration":4.698577000000114,"failureMessages":[],"meta":{}},{"ancestorTitles":["use-outcome-measures hooks","usePatientMeasures"],"fullName":"use-outcome-measures hooks usePatientMeasures handles non-array API response","status":"passed","title":"handles non-array API response","duration":58.20373900000004,"failureMessages":[],"meta":{}},{"ancestorTitles":["use-outcome-measures hooks","useRecordMeasure"],"fullName":"use-outcome-measures hooks useRecordMeasure records a new measurement successfully","status":"passed","title":"records a new measurement successfully","duration":10.50170100000014,"failureMessages":[],"meta":{}},{"ancestorTitles":["use-outcome-measures hooks","useRecordMeasure"],"fullName":"use-outcome-measures hooks useRecordMeasure invalidates patient measures on success","status":"passed","title":"invalidates patient measures on success","duration":7.0262659999998505,"failureMessages":[],"meta":{}},{"ancestorTitles":["use-outcome-measures hooks","useRecordMeasure"],"fullName":"use-outcome-measures hooks useRecordMeasure handles API error on record","status":"passed","title":"handles API error on record","duration":7.997993999999835,"failureMessages":[],"meta":{}},{"ancestorTitles":["use-outcome-measures hooks","useProgress"],"fullName":"use-outcome-measures hooks useProgress calculates progress with baseline and current scores","status":"passed","title":"calculates progress with baseline and current scores","duration":57.176898000000165,"failureMessages":[],"meta":{}},{"ancestorTitles":["use-outcome-measures hooks","useProgress"],"fullName":"use-outcome-measures hooks useProgress calculates MCID achievement for lower-is-better measures","status":"passed","title":"calculates MCID achievement for lower-is-better measures","duration":56.57766899999979,"failureMessages":[],"meta":{}},{"ancestorTitles":["use-outcome-measures hooks","useProgress"],"fullName":"use-outcome-measures hooks useProgress calculates MCID achievement for higher-is-better measures","status":"passed","title":"calculates MCID achievement for higher-is-better measures","duration":56.468080999999984,"failureMessages":[],"meta":{}},{"ancestorTitles":["use-outcome-measures hooks","useProgress"],"fullName":"use-outcome-measures hooks useProgress calculates target score based on MCID","status":"passed","title":"calculates target score based on MCID","duration":57.68342799999982,"failureMessages":[],"meta":{}},{"ancestorTitles":["use-outcome-measures hooks","useProgress"],"fullName":"use-outcome-measures hooks useProgress returns data points for charting","status":"passed","title":"returns data points for charting","duration":56.49535199999991,"failureMessages":[],"meta":{}},{"ancestorTitles":["use-outcome-measures hooks","useProgress"],"fullName":"use-outcome-measures hooks useProgress handles no baseline measurement","status":"passed","title":"handles no baseline measurement","duration":56.18216399999983,"failureMessages":[],"meta":{}},{"ancestorTitles":["use-outcome-measures hooks","useProgress"],"fullName":"use-outcome-measures hooks useProgress does not fetch when disabled","status":"passed","title":"does not fetch when disabled","duration":2.990758999999798,"failureMessages":[],"meta":{}},{"ancestorTitles":["use-outcome-measures hooks","useTrending"],"fullName":"use-outcome-measures hooks useTrending returns trending data with change from baseline","status":"passed","title":"returns trending data with change from baseline","duration":61.916357999999946,"failureMessages":[],"meta":{}},{"ancestorTitles":["use-outcome-measures hooks","useTrending"],"fullName":"use-outcome-measures hooks useTrending sorts measurements by date","status":"passed","title":"sorts measurements by date","duration":54.636821000000054,"failureMessages":[],"meta":{}},{"ancestorTitles":["use-outcome-measures hooks","useTrending"],"fullName":"use-outcome-measures hooks useTrending handles no baseline measurement","status":"passed","title":"handles no baseline measurement","duration":55.398687999999765,"failureMessages":[],"meta":{}},{"ancestorTitles":["use-outcome-measures hooks","useTrending"],"fullName":"use-outcome-measures hooks useTrending does not fetch when disabled","status":"passed","title":"does not fetch when disabled","duration":3.018290999999863,"failureMessages":[],"meta":{}}],"startTime":1770821376016,"endTime":1770821376883.0183,"status":"failed","message":"","name":"/home/dang/dev/physioflow/apps/web/src/hooks/__tests__/use-outcome-measures.test.ts"},{"assertionResults":[{"ancestorTitles":["CoverageCalculator","Component Rendering"],"fullName":"CoverageCalculator Component Rendering renders calculator with input field","status":"passed","title":"renders calculator with input field","duration":104.4310260000002,"failureMessages":[],"meta":{}},{"ancestorTitles":["CoverageCalculator","Component Rendering"],"fullName":"CoverageCalculator Component Rendering renders without insurance","status":"passed","title":"renders without insurance","duration":15.173083000000133,"failureMessages":[],"meta":{}},{"ancestorTitles":["CoverageCalculator","Component Rendering"],"fullName":"CoverageCalculator Component Rendering input has VND label","status":"passed","title":"input has VND label","duration":18.678603000000294,"failureMessages":[],"meta":{}},{"ancestorTitles":["CoverageCalculator","VND Amount Input"],"fullName":"CoverageCalculator VND Amount Input accepts numeric input","status":"passed","title":"accepts numeric input","duration":482.5124560000004,"failureMessages":[],"meta":{}},{"ancestorTitles":["CoverageCalculator","VND Amount Input"],"fullName":"CoverageCalculator VND Amount Input formats input with thousand separators","status":"passed","title":"formats input with thousand separators","duration":120.04939299999978,"failureMessages":[],"meta":{}},{"ancestorTitles":["CoverageCalculator","VND Amount Input"],"fullName":"CoverageCalculator VND Amount Input ignores non-numeric characters","status":"passed","title":"ignores non-numeric characters","duration":121.2503029999998,"failureMessages":[],"meta":{}},{"ancestorTitles":["CoverageCalculator","VND Amount Input"],"fullName":"CoverageCalculator VND Amount Input shows placeholder zero","status":"passed","title":"shows placeholder zero","duration":9.411041999999725,"failureMessages":[],"meta":{}},{"ancestorTitles":["CoverageCalculator","Coverage Calculation Display"],"fullName":"CoverageCalculator Coverage Calculation Display calculates and displays coverage for valid insurance","status":"passed","title":"calculates and displays coverage for valid insurance","duration":106.33464399999957,"failureMessages":[],"meta":{}},{"ancestorTitles":["CoverageCalculator","Coverage Calculation Display"],"fullName":"CoverageCalculator Coverage Calculation Display shows coverage percentage bar for active insurance","status":"passed","title":"shows coverage percentage bar for active insurance","duration":106.67368699999952,"failureMessages":[],"meta":{}},{"ancestorTitles":["CoverageCalculator","Coverage Calculation Display"],"fullName":"CoverageCalculator Coverage Calculation Display does not show breakdown when amount is zero","status":"passed","title":"does not show breakdown when amount is zero","duration":13.733726999999817,"failureMessages":[],"meta":{}},{"ancestorTitles":["CoverageCalculator","Coverage Calculation Display"],"fullName":"CoverageCalculator Coverage Calculation Display displays \"no insurance\" notice when patient has no insurance","status":"passed","title":"displays \"no insurance\" notice when patient has no insurance","duration":117.40310799999952,"failureMessages":[],"meta":{}},{"ancestorTitles":["CoverageCalculator","Insurance Pays / Patient Pays Breakdown"],"fullName":"CoverageCalculator Insurance Pays / Patient Pays Breakdown calculates insurance pays correctly at 80% coverage","status":"passed","title":"calculates insurance pays correctly at 80% coverage","duration":96.97089800000049,"failureMessages":[],"meta":{}},{"ancestorTitles":["CoverageCalculator","Insurance Pays / Patient Pays Breakdown"],"fullName":"CoverageCalculator Insurance Pays / Patient Pays Breakdown calculates patient pays correctly at 20% copay","status":"passed","title":"calculates patient pays correctly at 20% copay","duration":114.71623999999974,"failureMessages":[],"meta":{}},{"ancestorTitles":["CoverageCalculator","Insurance Pays / Patient Pays Breakdown"],"fullName":"CoverageCalculator Insurance Pays / Patient Pays Breakdown calculates correctly for 100% coverage","status":"failed","title":"calculates correctly for 100% coverage","duration":1154.2642289999994,"failureMessages":["Error: Found multiple elements with the text: /1\\.000\\.000/\n\nHere are the matching elements:\n\nIgnored nodes: comments, script, style\n\u001b[36m<span\u001b[39m\n  \u001b[33mclass\u001b[39m=\u001b[32m\"font-mono\"\u001b[39m\n\u001b[36m>\u001b[39m\n  \u001b[0m1.000.000 ₫\u001b[0m\n\u001b[36m</span>\u001b[39m\n\nIgnored nodes: comments, script, style\n\u001b[36m<span\u001b[39m\n  \u001b[33mclass\u001b[39m=\u001b[32m\"font-mono text-lg font-bold\"\u001b[39m\n\u001b[36m>\u001b[39m\n  \u001b[0m1.000.000 ₫\u001b[0m\n\u001b[36m</span>\u001b[39m\n\n(If this is intentional, then use the `*AllBy*` variant of the query (like `queryAllByText`, `getAllByText`, or `findAllByText`)).\n\nIgnored nodes: comments, script, style\n\u001b[36m<body>\u001b[39m\n  \u001b[36m<div>\u001b[39m\n    \u001b[36m<div\u001b[39m\n      \u001b[33mclass\u001b[39m=\u001b[32m\"rounded-lg border bg-card text-card-foreground shadow-sm\"\u001b[39m\n    \u001b[36m>\u001b[39m\n      \u001b[36m<div\u001b[39m\n        \u001b[33mclass\u001b[39m=\u001b[32m\"flex flex-col space-y-1.5 p-6\"\u001b[39m\n      \u001b[36m>\u001b[39m\n        \u001b[36m<h3\u001b[39m\n          \u001b[33mclass\u001b[39m=\u001b[32m\"text-2xl font-semibold leading-none tracking-tight flex items-center gap-2\"\u001b[39m\n        \u001b[36m>\u001b[39m\n          \u001b[36m<svg\u001b[39m\n            \u001b[33mclass\u001b[39m=\u001b[32m\"lucide lucide-calculator h-5 w-5\"\u001b[39m\n            \u001b[33mfill\u001b[39m=\u001b[32m\"none\"\u001b[39m\n            \u001b[33mheight\u001b[39m=\u001b[32m\"24\"\u001b[39m\n            \u001b[33mstroke\u001b[39m=\u001b[32m\"currentColor\"\u001b[39m\n            \u001b[33mstroke-linecap\u001b[39m=\u001b[32m\"round\"\u001b[39m\n            \u001b[33mstroke-linejoin\u001b[39m=\u001b[32m\"round\"\u001b[39m\n            \u001b[33mstroke-width\u001b[39m=\u001b[32m\"2\"\u001b[39m\n            \u001b[33mviewBox\u001b[39m=\u001b[32m\"0 0 24 24\"\u001b[39m\n            \u001b[33mwidth\u001b[39m=\u001b[32m\"24\"\u001b[39m\n            \u001b[33mxmlns\u001b[39m=\u001b[32m\"http://www.w3.org/2000/svg\"\u001b[39m\n          \u001b[36m>\u001b[39m\n            \u001b[36m<rect\u001b[39m\n              \u001b[33mheight\u001b[39m=\u001b[32m\"20\"\u001b[39m\n              \u001b[33mrx\u001b[39m=\u001b[32m\"2\"\u001b[39m\n              \u001b[33mwidth\u001b[39m=\u001b[32m\"16\"\u001b[39m\n              \u001b[33mx\u001b[39m=\u001b[32m\"4\"\u001b[39m\n              \u001b[33my\u001b[39m=\u001b[32m\"2\"\u001b[39m\n            \u001b[36m/>\u001b[39m\n            \u001b[36m<line\u001b[39m\n              \u001b[33mx1\u001b[39m=\u001b[32m\"8\"\u001b[39m\n              \u001b[33mx2\u001b[39m=\u001b[32m\"16\"\u001b[39m\n              \u001b[33my1\u001b[39m=\u001b[32m\"6\"\u001b[39m\n              \u001b[33my2\u001b[39m=\u001b[32m\"6\"\u001b[39m\n            \u001b[36m/>\u001b[39m\n            \u001b[36m<line\u001b[39m\n              \u001b[33mx1\u001b[39m=\u001b[32m\"16\"\u001b[39m\n              \u001b[33mx2\u001b[39m=\u001b[32m\"16\"\u001b[39m\n              \u001b[33my1\u001b[39m=\u001b[32m\"14\"\u001b[39m\n              \u001b[33my2\u001b[39m=\u001b[32m\"18\"\u001b[39m\n            \u001b[36m/>\u001b[39m\n            \u001b[36m<path\u001b[39m\n              \u001b[33md\u001b[39m=\u001b[32m\"M16 10h.01\"\u001b[39m\n            \u001b[36m/>\u001b[39m\n            \u001b[36m<path\u001b[39m\n              \u001b[33md\u001b[39m=\u001b[32m\"M12 10h.01\"\u001b[39m\n            \u001b[36m/>\u001b[39m\n            \u001b[36m<path\u001b[39m\n              \u001b[33md\u001b[39m=\u001b[32m\"M8 10h.01\"\u001b[39m\n            \u001b[36m/>\u001b[39m\n            \u001b[36m<path\u001b[39m\n              \u001b[33md\u001b[39m=\u001b[32m\"M12 14h.01\"\u001b[39m\n            \u001b[36m/>\u001b[39m\n            \u001b[36m<path\u001b[39m\n              \u001b[33md\u001b[39m=\u001b[32m\"M8 14h.01\"\u001b[39m\n            \u001b[36m/>\u001b[39m\n            \u001b[36m<path\u001b[39m\n              \u001b[33md\u001b[39m=\u001b[32m\"M12 18h.01\"\u001b[39m\n            \u001b[36m/>\u001b[39m\n            \u001b[36m<path\u001b[39m\n              \u001b[33md\u001b[39m=\u001b[32m\"M8 18h.01\"\u001b[39m\n            \u001b[36m/>\u001b[39m\n          \u001b[36m</svg>\u001b[39m\n          \u001b[0mcalculator.title\u001b[0m\n        \u001b[36m</h3>\u001b[39m\n        \u001b[36m<p\u001b[39m\n          \u001b[33mclass\u001b[39m=\u001b[32m\"text-sm text-muted-foreground\"\u001b[39m\n        \u001b[36m>\u001b[39m\n          \u001b[0mcalculator.description\u001b[0m\n        \u001b[36m</p>\u001b[39m\n      \u001b[36m</div>\u001b[39m\n      \u001b[36m<div\u001b[39m\n        \u001b[33mclass\u001b[39m=\u001b[32m\"p-6 pt-0 space-y-4\"\u001b[39m\n      \u001b[36m>\u001b[39m\n        \u001b[36m<div\u001b[39m\n          \u001b[33mclass\u001b[39m=\u001b[32m\"space-y-2\"\u001b[39m\n        \u001b[36m>\u001b[39m\n          \u001b[36m<label\u001b[39m\n            \u001b[33mclass\u001b[39m=\u001b[32m\"text-sm font-medium leading-none peer-disabled:cursor-not-allowed peer-disabled:opacity-70\"\u001b[39m\n            \u001b[33mfor\u001b[39m=\u001b[32m\"total-amount\"\u001b[39m\n          \u001b[36m>\u001b[39m\n            \u001b[0mcalculator.totalAmount\u001b[0m\n          \u001b[36m</label>\u001b[39m\n          \u001b[36m<div\u001b[39m\n            \u001b[33mclass\u001b[39m=\u001b[32m\"relative\"\u001b[39m\n          \u001b[36m>\u001b[39m\n            \u001b[36m<input\u001b[39m\n              \u001b[33mclass\u001b[39m=\u001b[32m\"flex h-10 w-full rounded-md border border-input bg-background px-3 py-2 text-sm ring-offset-background file:border-0 file:bg-transparent file:text-sm file:font-medium file:text-foreground placeholder:text-muted-foreground focus-visible:outline-none focus-visible:ring-2 focus-visible:ring-ring focus-visible:ring-offset-2 disabled:cursor-not-allowed disabled:opacity-50 pr-16 font-mono\"\u001b[39m\n              \u001b[33mid\u001b[39m=\u001b[32m\"total-amount\"\u001b[39m\n              \u001b[33minputmode\u001b[39m=\u001b[32m\"numeric\"\u001b[39m\n              \u001b[33mplaceholder\u001b[39m=\u001b[32m\"0\"\u001b[39m\n              \u001b[33mtype\u001b[39m=\u001b[32m\"text\"\u001b[39m\n              \u001b[33mvalue\u001b[39m=\u001b[32m\"1.000.000\"\u001b[39m\n            \u001b[36m/>\u001b[39m\n            \u001b[36m<span\u001b[39m\n              \u001b[33mclass\u001b[39m=\u001b[32m\"absolute right-3 top-1/2 -translate-y-1/2 text-muted-foreground text-sm font-medium\"\u001b[39m\n            \u001b[36m>\u001b[39m\n              \u001b[0mVND\u001b[0m\n            \u001b[36m</span>\u001b[39m\n          \u001b[36m</div>\u001b[39m\n        \u001b[36m</div>\u001b[39m\n        \u001b[36m<div\u001b[39m\n          \u001b[33mclass\u001b[39m=\u001b[32m\"rounded-lg border bg-muted/30 p-4 space-y-3\"\u001b[39m\n        \u001b[36m>\u001b[39m\n          \u001b[36m<div\u001b[39m\n            \u001b[33mclass\u001b[39m=\u001b[32m\"space-y-1\"\u001b[39m\n          \u001b[36m>\u001b[39m\n            \u001b[36m<div\u001b[39m\n              \u001b[33mclass\u001b[39m=\u001b[32m\"flex items-center justify-between text-sm\"\u001b[39m\n            \u001b[36m>\u001b[39m\n              \u001b[36m<span\u001b[39m\n                \u001b[33mclass\u001b[39m=\u001b[32m\"text-muted-foreground\"\u001b[39m\n              \u001b[36m>\u001b[39m\n                \u001b[0mcard.coverage\u001b[0m\n              \u001b[36m</span>\u001b[39m\n              \u001b[36m<span\u001b[39m\n                \u001b[33mclass\u001b[39m=\u001b[32m\"font-medium\"\u001b[39m\n              \u001b[36m>\u001b[39m\n                \u001b[0m0\u001b[0m\n                \u001b[0m%\u001b[0m\n              \u001b[36m</span>\u001b[39m\n            \u001b[36m</div>\u001b[39m\n            \u001b[36m<div\u001b[39m\n              \u001b[33mclass\u001b[39m=\u001b[32m\"h-2 bg-secondary rounded-full overflow-hidden\"\u001b[39m\n            \u001b[36m>\u001b[39m\n              \u001b[36m<div\u001b[39m\n                \u001b[33mclass\u001b[39m=\u001b[32m\"h-full bg-primary rounded-full transition-all\"\u001b[39m\n                \u001b[33mstyle\u001b[39m=\u001b[32m\"width: 0%;\"\u001b[39m\n              \u001b[36m/>\u001b[39m\n            \u001b[36m</div>\u001b[39m\n          \u001b[36m</div>\u001b[39m\n          \u001b[36m<div\u001b[39m\n            \u001b[33mclass\u001b[39m=\u001b[32m\"space-y-2 pt-1\"\u001b[39m\n          \u001b[36m>\u001b[39m\n            \u001b[36m<div\u001b[39m\n              \u001b[33mclass\u001b[39m=\u001b[32m\"flex items-center justify-between text-sm\"\u001b[39m\n            \u001b[36m>\u001b[39m\n              \u001b[36m<span\u001b[39m\n                \u001b[33mclass\u001b[39m=\u001b[32m\"text-muted-foreground\"\u001b[39m\n              \u001b[36m>\u001b[39m\n                \u001b[0mcalculator.totalAmount\u001b[0m\n              \u001b[36m</span>\u001b[39m\n              \u001b[36m<span\u001b[39m\n                \u001b[33mclass\u001b[39m=\u001b[32m\"font-mono\"\u001b[39m\n              \u001b[36m>\u001b[39m\n                \u001b[0m1.000.000 ₫\u001b[0m\n              \u001b[36m</span>\u001b[39m\n            \u001b[36m</div>\u001b[39m\n            \u001b[36m<div\u001b[39m\n              \u001b[33mclass\u001b[39m=\u001b[32m\"flex items-center justify-between text-sm\"\u001b[39m\n            \u001b[36m>\u001b[39m\n              \u001b[36m<span\u001b[39m\n                \u001b[33mclass\u001b[39m=\u001b[32m\"text-muted-foreground\"\u001b[39m\n              \u001b[36m>\u001b[39m\n                \u001b[0mcalculator.insurancePays\u001b[0m\n              \u001b[36m</span>\u001b[39m\n              \u001b[36m<span\u001b[39m\n                \u001b[33mclass\u001b[39m=\u001b[32m\"font-mono text-green-600 font-medium\"\u001b[39m\n              \u001b[36m>\u001b[39m\n                \u001b[0m- 0 ₫\u001b[0m\n              \u001b[36m</span>\u001b[39m\n            \u001b[36m</div>\u001b[39m\n            \u001b[36m<div\u001b[39m\n              \u001b[33mclass\u001b[39m=\u001b[32m\"border-t\"\u001b[39m\n            \u001b[36m/>\u001b[39m\n            \u001b[36m<div\u001b[39m\n              \u001b[33mclass\u001b[39m=\u001b[32m\"flex items-center justify-between\"\u001b[39m\n            \u001b[36m>\u001b[39m\n              \u001b[36m<span\u001b[39m\n                \u001b[33mclass\u001b[39m=\u001b[32m\"font-medium\"\u001b[39m\n              \u001b[36m>\u001b[39m\n                \u001b[0mcalculator.patientPays\u001b[0m\n              \u001b[36m</span>\u001b[39m\n              \u001b[36m<span\u001b[39m\n                \u001b[33mclass\u001b[39m=\u001b[32m\"font-mono text-lg font-bold\"\u001b[39m\n              \u001b[36m>\u001b[39m\n                \u001b[0m1.000.000 ₫\u001b[0m\n              \u001b[36m</span>\u001b[39m\n            \u001b[36m</div>\u001b[39m\n          \u001b[36m</div>\u001b[39m\n        \u001b[36m</div>\u001b[39m\n      \u001b[36m</div>\u001b[39m\n    \u001b[36m</div>\u001b[39m\n  \u001b[36m</div>\u001b[39m\n\u001b[36m</body>\u001b[39m\n    at waitForWrapper (/home/dang/dev/physioflow/node_modules/.pnpm/@testing-library+dom@10.4.1/node_modules/@testing-library/dom/dist/wait-for.js:163:27)\n    at /home/dang/dev/physioflow/apps/web/src/components/insurance/__tests__/CoverageCalculator.test.tsx:207:13\n    at file:///home/dang/dev/physioflow/node_modules/.pnpm/@vitest+runner@4.0.18/node_modules/@vitest/runner/dist/index.js:915:20"],"meta":{}},{"ancestorTitles":["CoverageCalculator","Insurance Pays / Patient Pays Breakdown"],"fullName":"CoverageCalculator Insurance Pays / Patient Pays Breakdown shows patient pays full amount when no insurance","status":"passed","title":"shows patient pays full amount when no insurance","duration":97.02364399999988,"failureMessages":[],"meta":{}},{"ancestorTitles":["CoverageCalculator","Insurance Pays / Patient Pays Breakdown"],"fullName":"CoverageCalculator Insurance Pays / Patient Pays Breakdown shows zero insurance payment when no insurance","status":"passed","title":"shows zero insurance payment when no insurance","duration":98.53621699999985,"failureMessages":[],"meta":{}},{"ancestorTitles":["CoverageCalculator","Insurance Pays / Patient Pays Breakdown"],"fullName":"CoverageCalculator Insurance Pays / Patient Pays Breakdown formats currency amounts with VND symbol","status":"passed","title":"formats currency amounts with VND symbol","duration":88.92988500000047,"failureMessages":[],"meta":{}},{"ancestorTitles":["CoverageCalculator","API Integration"],"fullName":"CoverageCalculator API Integration uses API coverage data when available","status":"passed","title":"uses API coverage data when available","duration":85.25523800000065,"failureMessages":[],"meta":{}},{"ancestorTitles":["CoverageCalculator","API Integration"],"fullName":"CoverageCalculator API Integration falls back to local calculation when API fails","status":"passed","title":"falls back to local calculation when API fails","duration":111.95160700000088,"failureMessages":[],"meta":{}},{"ancestorTitles":["CoverageCalculator","API Integration"],"fullName":"CoverageCalculator API Integration debounces API calls when typing","status":"passed","title":"debounces API calls when typing","duration":94.37291399999958,"failureMessages":[],"meta":{}},{"ancestorTitles":["CoverageCalculator","Edge Cases"],"fullName":"CoverageCalculator Edge Cases handles inactive insurance by showing no coverage","status":"passed","title":"handles inactive insurance by showing no coverage","duration":83.73582400000032,"failureMessages":[],"meta":{}},{"ancestorTitles":["CoverageCalculator","Edge Cases"],"fullName":"CoverageCalculator Edge Cases handles large amounts correctly","status":"passed","title":"handles large amounts correctly","duration":93.83815700000014,"failureMessages":[],"meta":{}},{"ancestorTitles":["CoverageCalculator","Edge Cases"],"fullName":"CoverageCalculator Edge Cases handles zero amount gracefully","status":"passed","title":"handles zero amount gracefully","duration":10.043429999999717,"failureMessages":[],"meta":{}},{"ancestorTitles":["CoverageCalculator","Edge Cases"],"fullName":"CoverageCalculator Edge Cases rounds insurance payment correctly","status":"passed","title":"rounds insurance payment correctly","duration":64.06151899999986,"failureMessages":[],"meta":{}}],"startTime":1770821376394,"endTime":1770821379807.0615,"status":"failed","message":"","name":"/home/dang/dev/physioflow/apps/web/src/components/insurance/__tests__/CoverageCalculator.test.tsx"},{"assertionResults":[{"ancestorTitles":["InsuranceCardForm","Form Rendering"],"fullName":"InsuranceCardForm Form Rendering renders all form fields in create mode","status":"failed","title":"renders all form fields in create mode","duration":452.42410400000017,"failureMessages":["TestingLibraryElementError: Found a label with the text of: /card.validFrom/i, however no form control was found associated to that label. Make sure you're using the \"for\" attribute or \"aria-labelledby\" attribute correctly.\n\nIgnored nodes: comments, script, style\n\u001b[36m<body>\u001b[39m\n  \u001b[36m<div>\u001b[39m\n    \u001b[36m<form\u001b[39m\n      \u001b[33mclass\u001b[39m=\u001b[32m\"space-y-6\"\u001b[39m\n    \u001b[36m>\u001b[39m\n      \u001b[36m<div\u001b[39m\n        \u001b[33mclass\u001b[39m=\u001b[32m\"rounded-lg border bg-card text-card-foreground shadow-sm\"\u001b[39m\n      \u001b[36m>\u001b[39m\n        \u001b[36m<div\u001b[39m\n          \u001b[33mclass\u001b[39m=\u001b[32m\"flex flex-col space-y-1.5 p-6\"\u001b[39m\n        \u001b[36m>\u001b[39m\n          \u001b[36m<h3\u001b[39m\n            \u001b[33mclass\u001b[39m=\u001b[32m\"text-2xl font-semibold leading-none tracking-tight\"\u001b[39m\n          \u001b[36m>\u001b[39m\n            \u001b[0mactions.add\u001b[0m\n          \u001b[36m</h3>\u001b[39m\n          \u001b[36m<p\u001b[39m\n            \u001b[33mclass\u001b[39m=\u001b[32m\"text-sm text-muted-foreground\"\u001b[39m\n          \u001b[36m>\u001b[39m\n            \u001b[0mform.createDescription\u001b[0m\n          \u001b[36m</p>\u001b[39m\n        \u001b[36m</div>\u001b[39m\n        \u001b[36m<div\u001b[39m\n          \u001b[33mclass\u001b[39m=\u001b[32m\"p-6 pt-0 space-y-4\"\u001b[39m\n        \u001b[36m>\u001b[39m\n          \u001b[36m<div\u001b[39m\n            \u001b[33mclass\u001b[39m=\u001b[32m\"space-y-2\"\u001b[39m\n          \u001b[36m>\u001b[39m\n            \u001b[36m<label\u001b[39m\n              \u001b[33mclass\u001b[39m=\u001b[32m\"text-sm font-medium leading-none peer-disabled:cursor-not-allowed peer-disabled:opacity-70\"\u001b[39m\n              \u001b[33mfor\u001b[39m=\u001b[32m\":r0:-form-item\"\u001b[39m\n            \u001b[36m>\u001b[39m\n              \u001b[0mcard.number\u001b[0m\n              \u001b[0m *\u001b[0m\n            \u001b[36m</label>\u001b[39m\n            \u001b[36m<div\u001b[39m\n              \u001b[33mclass\u001b[39m=\u001b[32m\"flex items-center gap-2\"\u001b[39m\n            \u001b[36m>\u001b[39m\n              \u001b[36m<input\u001b[39m\n                \u001b[33maria-describedby\u001b[39m=\u001b[32m\":r0:-form-item-description\"\u001b[39m\n                \u001b[33maria-invalid\u001b[39m=\u001b[32m\"false\"\u001b[39m\n                \u001b[33mclass\u001b[39m=\u001b[32m\"flex h-10 w-full rounded-md border border-input bg-background px-3 py-2 text-sm ring-offset-background file:border-0 file:bg-transparent file:text-sm file:font-medium file:text-foreground placeholder:text-muted-foreground focus-visible:outline-none focus-visible:ring-2 focus-visible:ring-ring focus-visible:ring-offset-2 disabled:cursor-not-allowed disabled:opacity-50 font-mono\"\u001b[39m\n                \u001b[33mid\u001b[39m=\u001b[32m\":r0:-form-item\"\u001b[39m\n                \u001b[33mmaxlength\u001b[39m=\u001b[32m\"15\"\u001b[39m\n                \u001b[33mname\u001b[39m=\u001b[32m\"card_number\"\u001b[39m\n                \u001b[33mplaceholder\u001b[39m=\u001b[32m\"DN4012345678901\"\u001b[39m\n                \u001b[33mvalue\u001b[39m=\u001b[32m\"\"\u001b[39m\n              \u001b[36m/>\u001b[39m\n            \u001b[36m</div>\u001b[39m\n            \u001b[36m<p\u001b[39m\n              \u001b[33mclass\u001b[39m=\u001b[32m\"text-sm text-muted-foreground\"\u001b[39m\n              \u001b[33mid\u001b[39m=\u001b[32m\":r0:-form-item-description\"\u001b[39m\n            \u001b[36m>\u001b[39m\n              \u001b[0mform.cardNumberHint\u001b[0m\n            \u001b[36m</p>\u001b[39m\n          \u001b[36m</div>\u001b[39m\n          \u001b[36m<div\u001b[39m\n            \u001b[33mclass\u001b[39m=\u001b[32m\"space-y-2\"\u001b[39m\n          \u001b[36m>\u001b[39m\n            \u001b[36m<label\u001b[39m\n              \u001b[33mclass\u001b[39m=\u001b[32m\"text-sm font-medium leading-none peer-disabled:cursor-not-allowed peer-disabled:opacity-70\"\u001b[39m\n              \u001b[33mfor\u001b[39m=\u001b[32m\":r1:-form-item\"\u001b[39m\n            \u001b[36m>\u001b[39m\n              \u001b[0mcard.prefix\u001b[0m\n              \u001b[0m *\u001b[0m\n            \u001b[36m</label>\u001b[39m\n            \u001b[36m<button\u001b[39m\n              \u001b[33maria-autocomplete\u001b[39m=\u001b[32m\"none\"\u001b[39m\n              \u001b[33maria-controls\u001b[39m=\u001b[32m\"radix-:r2:\"\u001b[39m\n              \u001b[33maria-describedby\u001b[39m=\u001b[32m\":r1:-form-item-description\"\u001b[39m\n              \u001b[33maria-expanded\u001b[39m=\u001b[32m\"false\"\u001b[39m\n              \u001b[33maria-invalid\u001b[39m=\u001b[32m\"false\"\u001b[39m\n              \u001b[33mclass\u001b[39m=\u001b[32m\"flex h-10 w-full items-center justify-between rounded-md border border-input bg-background px-3 py-2 text-sm ring-offset-background placeholder:text-muted-foreground focus:outline-none focus:ring-2 focus:ring-ring focus:ring-offset-2 disabled:cursor-not-allowed disabled:opacity-50 [&>span]:line-clamp-1\"\u001b[39m\n              \u001b[33mdata-placeholder\u001b[39m=\u001b[32m\"\"\u001b[39m\n              \u001b[33mdata-state\u001b[39m=\u001b[32m\"closed\"\u001b[39m\n              \u001b[33mdir\u001b[39m=\u001b[32m\"ltr\"\u001b[39m\n              \u001b[33mid\u001b[39m=\u001b[32m\":r1:-form-item\"\u001b[39m\n              \u001b[33mrole\u001b[39m=\u001b[32m\"combobox\"\u001b[39m\n              \u001b[33mtype\u001b[39m=\u001b[32m\"button\"\u001b[39m\n            \u001b[36m>\u001b[39m\n              \u001b[36m<span\u001b[39m\n                \u001b[33mstyle\u001b[39m=\u001b[32m\"pointer-events: none;\"\u001b[39m\n              \u001b[36m>\u001b[39m\n                \u001b[0mform.selectPrefix\u001b[0m\n              \u001b[36m</span>\u001b[39m\n              \u001b[36m<svg\u001b[39m\n                \u001b[33maria-hidden\u001b[39m=\u001b[32m\"true\"\u001b[39m\n                \u001b[33mclass\u001b[39m=\u001b[32m\"lucide lucide-chevron-down h-4 w-4 opacity-50\"\u001b[39m\n                \u001b[33mfill\u001b[39m=\u001b[32m\"none\"\u001b[39m\n                \u001b[33mheight\u001b[39m=\u001b[32m\"24\"\u001b[39m\n                \u001b[33mstroke\u001b[39m=\u001b[32m\"currentColor\"\u001b[39m\n                \u001b[33mstroke-linecap\u001b[39m=\u001b[32m\"round\"\u001b[39m\n                \u001b[33mstroke-linejoin\u001b[39m=\u001b[32m\"round\"\u001b[39m\n                \u001b[33mstroke-width\u001b[39m=\u001b[32m\"2\"\u001b[39m\n                \u001b[33mviewBox\u001b[39m=\u001b[32m\"0 0 24 24\"\u001b[39m\n                \u001b[33mwidth\u001b[39m=\u001b[32m\"24\"\u001b[39m\n                \u001b[33mxmlns\u001b[39m=\u001b[32m\"http://www.w3.org/2000/svg\"\u001b[39m\n              \u001b[36m>\u001b[39m\n                \u001b[36m<path\u001b[39m\n                  \u001b[33md\u001b[39m=\u001b[32m\"m6 9 6 6 6-6\"\u001b[39m\n                \u001b[36m/>\u001b[39m\n              \u001b[36m</svg>\u001b[39m\n            \u001b[36m</button>\u001b[39m\n            \u001b[36m<select\u001b[39m\n              \u001b[33maria-hidden\u001b[39m=\u001b[32m\"true\"\u001b[39m\n              \u001b[33mstyle\u001b[39m=\u001b[32m\"position: absolute; border: 0px; width: 1px; height: 1px; padding: 0px; margin: -1px; overflow: hidden; clip: rect(0px, 0px, 0px, 0px); white-space: nowrap; word-wrap: normal;\"\u001b[39m\n              \u001b[33mtabindex\u001b[39m=\u001b[32m\"-1\"\u001b[39m\n            \u001b[36m>\u001b[39m\n              \u001b[36m<option\u001b[39m\n                \u001b[33mvalue\u001b[39m=\u001b[32m\"DN\"\u001b[39m\n              \u001b[36m>\u001b[39m\n                \u001b[0mDN - Doanh nghiep (80%)\u001b[0m\n              \u001b[36m</option>\u001b[39m\n              \u001b[36m<option\u001b[39m\n                \u001b[33mvalue\u001b[39m=\u001b[32m\"HN\"\u001b[39m\n              \u001b[36m>\u001b[39m\n                \u001b[0mHN - Hoc sinh/Sinh vien (80%)\u001b[0m\n              \u001b[36m</option>\u001b[39m\n              \u001b[36m<option\u001b[39m\n                \u001b[33mvalue\u001b[39m=\u001b[32m\"CH\"\u001b[39m\n              \u001b[36m>\u001b[39m\n                \u001b[0mCH - Chinh sach (100%)\u001b[0m\n              \u001b[36m</option>\u001b[39m\n              \u001b[36m<option\u001b[39m\n                \u001b[33mvalue\u001b[39m=\u001b[32m\"TE\"\u001b[39m\n              \u001b[36m>\u001b[39m\n                \u001b[0mTE - Tre em duoi 6 tuoi (100%)\u001b[0m\n              \u001b[36m</option>\u001b[39m\n              \u001b[36m<option\u001b[39m\n                \u001b[33mvalue\u001b[39m=\u001b[32m\"BN\"\u001b[39m\n              \u001b[36m>\u001b[39m\n                \u001b[0mBN - Benh nhan (80%)\u001b[0m\n              \u001b[36m</option>\u001b[39m\n              \u001b[36m<option\u001b[39m\n                \u001b[33mvalue\u001b[39m=\u001b[32m\"HC\"\u001b[39m\n              \u001b[36m>\u001b[39m\n                \u001b[0mHC - Hanh chinh su nghiep (80%)\u001b[0m\n              \u001b[36m</option>\u001b[39m\n              \u001b[36m<option\u001b[39m\n                \u001b[33mvalue\u001b[39m=\u001b[32m\"TQ\"\u001b[39m\n              \u001b[36m>\u001b[39m\n                \u001b[0mTQ - Than quan quan doi (100%)\u001b[0m\n              \u001b[36m</option>\u001b[39m\n              \u001b[36m<option\u001b[39m\n                \u001b[33mvalue\u001b[39m=\u001b[32m\"TA\"\u001b[39m\n              \u001b[36m>\u001b[39m\n                \u001b[0mTA - Quan doi (100%)\u001b[0m\n              ...\n    at Object.getElementError (/home/dang/dev/physioflow/node_modules/.pnpm/@testing-library+dom@10.4.1/node_modules/@testing-library/dom/dist/config.js:37:19)\n    at getAllByLabelText (/home/dang/dev/physioflow/node_modules/.pnpm/@testing-library+dom@10.4.1/node_modules/@testing-library/dom/dist/queries/label-text.js:108:40)\n    at /home/dang/dev/physioflow/node_modules/.pnpm/@testing-library+dom@10.4.1/node_modules/@testing-library/dom/dist/query-helpers.js:52:17\n    at /home/dang/dev/physioflow/node_modules/.pnpm/@testing-library+dom@10.4.1/node_modules/@testing-library/dom/dist/query-helpers.js:95:19\n    at /home/dang/dev/physioflow/apps/web/src/components/insurance/__tests__/InsuranceCardForm.test.tsx:29:21\n    at file:///home/dang/dev/physioflow/node_modules/.pnpm/@vitest+runner@4.0.18/node_modules/@vitest/runner/dist/index.js:145:11\n    at file:///home/dang/dev/physioflow/node_modules/.pnpm/@vitest+runner@4.0.18/node_modules/@vitest/runner/dist/index.js:915:26\n    at file:///home/dang/dev/physioflow/node_modules/.pnpm/@vitest+runner@4.0.18/node_modules/@vitest/runner/dist/index.js:1243:20\n    at new Promise (<anonymous>)\n    at runWithTimeout (file:///home/dang/dev/physioflow/node_modules/.pnpm/@vitest+runner@4.0.18/node_modules/@vitest/runner/dist/index.js:1209:10)"],"meta":{}},{"ancestorTitles":["InsuranceCardForm","Form Rendering"],"fullName":"InsuranceCardForm Form Rendering renders with default values in edit mode","status":"failed","title":"renders with default values in edit mode","duration":6133334.647336,"failureMessages":["RangeError: Invalid array length\n    at Array.push (<anonymous>)\n    at ensureRootIsScheduled (/home/dang/dev/physioflow/node_modules/.pnpm/react-dom@18.2.0_react@18.2.0/node_modules/react-dom/cjs/react-dom.development.js:25641:40)\n    at captureCommitPhaseErrorOnRoot (/home/dang/dev/physioflow/node_modules/.pnpm/react-dom@18.2.0_react@18.2.0/node_modules/react-dom/cjs/react-dom.development.js:27120:5)\n    at captureCommitPhaseError (/home/dang/dev/physioflow/node_modules/.pnpm/react-dom@18.2.0_react@18.2.0/node_modules/react-dom/cjs/react-dom.development.js:27145:7)\n    at safelyDetachRef (/home/dang/dev/physioflow/node_modules/.pnpm/react-dom@18.2.0_react@18.2.0/node_modules/react-dom/cjs/react-dom.development.js:22916:9)\n    at commitMutationEffectsOnFiber (/home/dang/dev/physioflow/node_modules/.pnpm/react-dom@18.2.0_react@18.2.0/node_modules/react-dom/cjs/react-dom.development.js:24351:13)\n    at recursivelyTraverseMutationEffects (/home/dang/dev/physioflow/node_modules/.pnpm/react-dom@18.2.0_react@18.2.0/node_modules/react-dom/cjs/react-dom.development.js:24273:7)\n    at commitMutationEffectsOnFiber (/home/dang/dev/physioflow/node_modules/.pnpm/react-dom@18.2.0_react@18.2.0/node_modules/react-dom/cjs/react-dom.development.js:24293:9)\n    at recursivelyTraverseMutationEffects (/home/dang/dev/physioflow/node_modules/.pnpm/react-dom@18.2.0_react@18.2.0/node_modules/react-dom/cjs/react-dom.development.js:24273:7)\n    at commitMutationEffectsOnFiber (/home/dang/dev/physioflow/node_modules/.pnpm/react-dom@18.2.0_react@18.2.0/node_modules/react-dom/cjs/react-dom.development.js:24293:9)","RangeError: Invalid array length\n    at Array.push (<anonymous>)\n    at ensureRootIsScheduled (/home/dang/dev/physioflow/node_modules/.pnpm/react-dom@18.2.0_react@18.2.0/node_modules/react-dom/cjs/react-dom.development.js:25641:40)\n    at scheduleUpdateOnFiber (/home/dang/dev/physioflow/node_modules/.pnpm/react-dom@18.2.0_react@18.2.0/node_modules/react-dom/cjs/react-dom.development.js:25531:5)\n    at updateContainer (/home/dang/dev/physioflow/node_modules/.pnpm/react-dom@18.2.0_react@18.2.0/node_modules/react-dom/cjs/react-dom.development.js:28858:5)\n    at /home/dang/dev/physioflow/node_modules/.pnpm/react-dom@18.2.0_react@18.2.0/node_modules/react-dom/cjs/react-dom.development.js:29337:7\n    at flushSync (/home/dang/dev/physioflow/node_modules/.pnpm/react-dom@18.2.0_react@18.2.0/node_modules/react-dom/cjs/react-dom.development.js:26189:14)\n    at ReactDOMRoot.ReactDOMHydrationRoot.unmount.ReactDOMRoot.unmount [as unmount] (/home/dang/dev/physioflow/node_modules/.pnpm/react-dom@18.2.0_react@18.2.0/node_modules/react-dom/cjs/react-dom.development.js:29336:5)\n    at Object.unmount (/home/dang/dev/physioflow/node_modules/.pnpm/@testing-library+react@16.3.2_@testing-library+dom@10.4.1_@types+react-dom@18.3.7_@types+reac_ao6itmcjbbkjrepy7cektjm4se/node_modules/@testing-library/react/dist/pure.js:163:12)\n    at /home/dang/dev/physioflow/node_modules/.pnpm/@testing-library+react@16.3.2_@testing-library+dom@10.4.1_@types+react-dom@18.3.7_@types+reac_ao6itmcjbbkjrepy7cektjm4se/node_modules/@testing-library/react/dist/pure.js:307:12\n    at /home/dang/dev/physioflow/node_modules/.pnpm/@testing-library+react@16.3.2_@testing-library+dom@10.4.1_@types+react-dom@18.3.7_@types+reac_ao6itmcjbbkjrepy7cektjm4se/node_modules/@testing-library/react/dist/act-compat.js:47:24"],"meta":{}},{"ancestorTitles":["InsuranceCardForm","Form Rendering"],"fullName":"InsuranceCardForm Form Rendering displays action buttons","status":"failed","title":"displays action buttons","duration":1666.833444999531,"failureMessages":["RangeError: Invalid array length\n    at Array.push (<anonymous>)\n    at scheduleCallback$1 (/home/dang/dev/physioflow/node_modules/.pnpm/react-dom@18.2.0_react@18.2.0/node_modules/react-dom/cjs/react-dom.development.js:27534:16)\n    at ensureRootIsScheduled (/home/dang/dev/physioflow/node_modules/.pnpm/react-dom@18.2.0_react@18.2.0/node_modules/react-dom/cjs/react-dom.development.js:25683:23)\n    at scheduleUpdateOnFiber (/home/dang/dev/physioflow/node_modules/.pnpm/react-dom@18.2.0_react@18.2.0/node_modules/react-dom/cjs/react-dom.development.js:25531:5)\n    at updateContainer (/home/dang/dev/physioflow/node_modules/.pnpm/react-dom@18.2.0_react@18.2.0/node_modules/react-dom/cjs/react-dom.development.js:28858:5)\n    at ReactDOMRoot.ReactDOMHydrationRoot.render.ReactDOMRoot.render [as render] (/home/dang/dev/physioflow/node_modules/.pnpm/react-dom@18.2.0_react@18.2.0/node_modules/react-dom/cjs/react-dom.development.js:29314:3)\n    at Object.render (/home/dang/dev/physioflow/node_modules/.pnpm/@testing-library+react@16.3.2_@testing-library+dom@10.4.1_@types+react-dom@18.3.7_@types+reac_ao6itmcjbbkjrepy7cektjm4se/node_modules/@testing-library/react/dist/pure.js:160:12)\n    at /home/dang/dev/physioflow/node_modules/.pnpm/@testing-library+react@16.3.2_@testing-library+dom@10.4.1_@types+react-dom@18.3.7_@types+reac_ao6itmcjbbkjrepy7cektjm4se/node_modules/@testing-library/react/dist/pure.js:193:12\n    at /home/dang/dev/physioflow/node_modules/.pnpm/@testing-library+react@16.3.2_@testing-library+dom@10.4.1_@types+react-dom@18.3.7_@types+reac_ao6itmcjbbkjrepy7cektjm4se/node_modules/@testing-library/react/dist/act-compat.js:47:24\n    at act (/home/dang/dev/physioflow/node_modules/.pnpm/react@18.2.0/node_modules/react/cjs/react.development.js:2512:16)","Error: Should not already be working.\n    at performConcurrentWorkOnRoot (/home/dang/dev/physioflow/node_modules/.pnpm/react-dom@18.2.0_react@18.2.0/node_modules/react-dom/cjs/react-dom.development.js:25703:11)\n    at flushActQueue (/home/dang/dev/physioflow/node_modules/.pnpm/react@18.2.0/node_modules/react/cjs/react.development.js:2667:24)\n    at act (/home/dang/dev/physioflow/node_modules/.pnpm/react@18.2.0/node_modules/react/cjs/react.development.js:2582:11)\n    at /home/dang/dev/physioflow/node_modules/.pnpm/@testing-library+react@16.3.2_@testing-library+dom@10.4.1_@types+react-dom@18.3.7_@types+reac_ao6itmcjbbkjrepy7cektjm4se/node_modules/@testing-library/react/dist/act-compat.js:46:25\n    at /home/dang/dev/physioflow/node_modules/.pnpm/@testing-library+react@16.3.2_@testing-library+dom@10.4.1_@types+react-dom@18.3.7_@types+reac_ao6itmcjbbkjrepy7cektjm4se/node_modules/@testing-library/react/dist/pure.js:306:28\n    at Array.forEach (<anonymous>)\n    at Proxy.cleanup (/home/dang/dev/physioflow/node_modules/.pnpm/@testing-library+react@16.3.2_@testing-library+dom@10.4.1_@types+react-dom@18.3.7_@types+reac_ao6itmcjbbkjrepy7cektjm4se/node_modules/@testing-library/react/dist/pure.js:302:22)\n    at /home/dang/dev/physioflow/apps/web/src/__tests__/setup.ts:7:3\n    at file:///home/dang/dev/physioflow/node_modules/.pnpm/@vitest+runner@4.0.18/node_modules/@vitest/runner/dist/index.js:145:11\n    at file:///home/dang/dev/physioflow/node_modules/.pnpm/@vitest+runner@4.0.18/node_modules/@vitest/runner/dist/index.js:1243:20"],"meta":{}},{"ancestorTitles":["InsuranceCardForm","Card Number Validation"],"fullName":"InsuranceCardForm Card Number Validation validates card number format in real-time","status":"failed","title":"validates card number format in real-time","duration":1720.9549099998549,"failureMessages":["RangeError: Invalid array length\n    at Array.push (<anonymous>)\n    at scheduleCallback$1 (/home/dang/dev/physioflow/node_modules/.pnpm/react-dom@18.2.0_react@18.2.0/node_modules/react-dom/cjs/react-dom.development.js:27534:16)\n    at ensureRootIsScheduled (/home/dang/dev/physioflow/node_modules/.pnpm/react-dom@18.2.0_react@18.2.0/node_modules/react-dom/cjs/react-dom.development.js:25683:23)\n    at scheduleUpdateOnFiber (/home/dang/dev/physioflow/node_modules/.pnpm/react-dom@18.2.0_react@18.2.0/node_modules/react-dom/cjs/react-dom.development.js:25531:5)\n    at updateContainer (/home/dang/dev/physioflow/node_modules/.pnpm/react-dom@18.2.0_react@18.2.0/node_modules/react-dom/cjs/react-dom.development.js:28858:5)\n    at ReactDOMRoot.ReactDOMHydrationRoot.render.ReactDOMRoot.render [as render] (/home/dang/dev/physioflow/node_modules/.pnpm/react-dom@18.2.0_react@18.2.0/node_modules/react-dom/cjs/react-dom.development.js:29314:3)\n    at Object.render (/home/dang/dev/physioflow/node_modules/.pnpm/@testing-library+react@16.3.2_@testing-library+dom@10.4.1_@types+react-dom@18.3.7_@types+reac_ao6itmcjbbkjrepy7cektjm4se/node_modules/@testing-library/react/dist/pure.js:160:12)\n    at /home/dang/dev/physioflow/node_modules/.pnpm/@testing-library+react@16.3.2_@testing-library+dom@10.4.1_@types+react-dom@18.3.7_@types+reac_ao6itmcjbbkjrepy7cektjm4se/node_modules/@testing-library/react/dist/pure.js:193:12\n    at /home/dang/dev/physioflow/node_modules/.pnpm/@testing-library+react@16.3.2_@testing-library+dom@10.4.1_@types+react-dom@18.3.7_@types+reac_ao6itmcjbbkjrepy7cektjm4se/node_modules/@testing-library/react/dist/act-compat.js:47:24\n    at act (/home/dang/dev/physioflow/node_modules/.pnpm/react@18.2.0/node_modules/react/cjs/react.development.js:2512:16)","Error: Should not already be working.\n    at performConcurrentWorkOnRoot (/home/dang/dev/physioflow/node_modules/.pnpm/react-dom@18.2.0_react@18.2.0/node_modules/react-dom/cjs/react-dom.development.js:25703:11)\n    at flushActQueue (/home/dang/dev/physioflow/node_modules/.pnpm/react@18.2.0/node_modules/react/cjs/react.development.js:2667:24)\n    at act (/home/dang/dev/physioflow/node_modules/.pnpm/react@18.2.0/node_modules/react/cjs/react.development.js:2582:11)\n    at /home/dang/dev/physioflow/node_modules/.pnpm/@testing-library+react@16.3.2_@testing-library+dom@10.4.1_@types+react-dom@18.3.7_@types+reac_ao6itmcjbbkjrepy7cektjm4se/node_modules/@testing-library/react/dist/act-compat.js:46:25\n    at /home/dang/dev/physioflow/node_modules/.pnpm/@testing-library+react@16.3.2_@testing-library+dom@10.4.1_@types+react-dom@18.3.7_@types+reac_ao6itmcjbbkjrepy7cektjm4se/node_modules/@testing-library/react/dist/pure.js:306:28\n    at Array.forEach (<anonymous>)\n    at Proxy.cleanup (/home/dang/dev/physioflow/node_modules/.pnpm/@testing-library+react@16.3.2_@testing-library+dom@10.4.1_@types+react-dom@18.3.7_@types+reac_ao6itmcjbbkjrepy7cektjm4se/node_modules/@testing-library/react/dist/pure.js:302:22)\n    at /home/dang/dev/physioflow/apps/web/src/__tests__/setup.ts:7:3\n    at file:///home/dang/dev/physioflow/node_modules/.pnpm/@vitest+runner@4.0.18/node_modules/@vitest/runner/dist/index.js:145:11\n    at file:///home/dang/dev/physioflow/node_modules/.pnpm/@vitest+runner@4.0.18/node_modules/@vitest/runner/dist/index.js:1243:20"],"meta":{}},{"ancestorTitles":["InsuranceCardForm","Card Number Validation"],"fullName":"InsuranceCardForm Card Number Validation validates valid card number and shows validation badge","status":"failed","title":"validates valid card number and shows validation badge","duration":501.7679730001837,"failureMessages":["RangeError: Invalid array length\n    at Array.push (<anonymous>)\n    at scheduleCallback$1 (/home/dang/dev/physioflow/node_modules/.pnpm/react-dom@18.2.0_react@18.2.0/node_modules/react-dom/cjs/react-dom.development.js:27534:16)\n    at ensureRootIsScheduled (/home/dang/dev/physioflow/node_modules/.pnpm/react-dom@18.2.0_react@18.2.0/node_modules/react-dom/cjs/react-dom.development.js:25683:23)\n    at scheduleUpdateOnFiber (/home/dang/dev/physioflow/node_modules/.pnpm/react-dom@18.2.0_react@18.2.0/node_modules/react-dom/cjs/react-dom.development.js:25531:5)\n    at updateContainer (/home/dang/dev/physioflow/node_modules/.pnpm/react-dom@18.2.0_react@18.2.0/node_modules/react-dom/cjs/react-dom.development.js:28858:5)\n    at ReactDOMRoot.ReactDOMHydrationRoot.render.ReactDOMRoot.render [as render] (/home/dang/dev/physioflow/node_modules/.pnpm/react-dom@18.2.0_react@18.2.0/node_modules/react-dom/cjs/react-dom.development.js:29314:3)\n    at Object.render (/home/dang/dev/physioflow/node_modules/.pnpm/@testing-library+react@16.3.2_@testing-library+dom@10.4.1_@types+react-dom@18.3.7_@types+reac_ao6itmcjbbkjrepy7cektjm4se/node_modules/@testing-library/react/dist/pure.js:160:12)\n    at /home/dang/dev/physioflow/node_modules/.pnpm/@testing-library+react@16.3.2_@testing-library+dom@10.4.1_@types+react-dom@18.3.7_@types+reac_ao6itmcjbbkjrepy7cektjm4se/node_modules/@testing-library/react/dist/pure.js:193:12\n    at /home/dang/dev/physioflow/node_modules/.pnpm/@testing-library+react@16.3.2_@testing-library+dom@10.4.1_@types+react-dom@18.3.7_@types+reac_ao6itmcjbbkjrepy7cektjm4se/node_modules/@testing-library/react/dist/act-compat.js:47:24\n    at act (/home/dang/dev/physioflow/node_modules/.pnpm/react@18.2.0/node_modules/react/cjs/react.development.js:2512:16)","Error: Should not already be working.\n    at performConcurrentWorkOnRoot (/home/dang/dev/physioflow/node_modules/.pnpm/react-dom@18.2.0_react@18.2.0/node_modules/react-dom/cjs/react-dom.development.js:25703:11)\n    at flushActQueue (/home/dang/dev/physioflow/node_modules/.pnpm/react@18.2.0/node_modules/react/cjs/react.development.js:2667:24)\n    at act (/home/dang/dev/physioflow/node_modules/.pnpm/react@18.2.0/node_modules/react/cjs/react.development.js:2582:11)\n    at /home/dang/dev/physioflow/node_modules/.pnpm/@testing-library+react@16.3.2_@testing-library+dom@10.4.1_@types+react-dom@18.3.7_@types+reac_ao6itmcjbbkjrepy7cektjm4se/node_modules/@testing-library/react/dist/act-compat.js:46:25\n    at /home/dang/dev/physioflow/node_modules/.pnpm/@testing-library+react@16.3.2_@testing-library+dom@10.4.1_@types+react-dom@18.3.7_@types+reac_ao6itmcjbbkjrepy7cektjm4se/node_modules/@testing-library/react/dist/pure.js:306:28\n    at Array.forEach (<anonymous>)\n    at Proxy.cleanup (/home/dang/dev/physioflow/node_modules/.pnpm/@testing-library+react@16.3.2_@testing-library+dom@10.4.1_@types+react-dom@18.3.7_@types+reac_ao6itmcjbbkjrepy7cektjm4se/node_modules/@testing-library/react/dist/pure.js:302:22)\n    at /home/dang/dev/physioflow/apps/web/src/__tests__/setup.ts:7:3\n    at file:///home/dang/dev/physioflow/node_modules/.pnpm/@vitest+runner@4.0.18/node_modules/@vitest/runner/dist/index.js:145:11\n    at file:///home/dang/dev/physioflow/node_modules/.pnpm/@vitest+runner@4.0.18/node_modules/@vitest/runner/dist/index.js:1243:20"],"meta":{}},{"ancestorTitles":["InsuranceCardForm","Card Number Validation"],"fullName":"InsuranceCardForm Card Number Validation auto-converts card number to uppercase","status":"failed","title":"auto-converts card number to uppercase","duration":484.8746969997883,"failureMessages":["RangeError: Invalid array length\n    at Array.push (<anonymous>)\n    at scheduleCallback$1 (/home/dang/dev/physioflow/node_modules/.pnpm/react-dom@18.2.0_react@18.2.0/node_modules/react-dom/cjs/react-dom.development.js:27534:16)\n    at ensureRootIsScheduled (/home/dang/dev/physioflow/node_modules/.pnpm/react-dom@18.2.0_react@18.2.0/node_modules/react-dom/cjs/react-dom.development.js:25683:23)\n    at scheduleUpdateOnFiber (/home/dang/dev/physioflow/node_modules/.pnpm/react-dom@18.2.0_react@18.2.0/node_modules/react-dom/cjs/react-dom.development.js:25531:5)\n    at updateContainer (/home/dang/dev/physioflow/node_modules/.pnpm/react-dom@18.2.0_react@18.2.0/node_modules/react-dom/cjs/react-dom.development.js:28858:5)\n    at ReactDOMRoot.ReactDOMHydrationRoot.render.ReactDOMRoot.render [as render] (/home/dang/dev/physioflow/node_modules/.pnpm/react-dom@18.2.0_react@18.2.0/node_modules/react-dom/cjs/react-dom.development.js:29314:3)\n    at Object.render (/home/dang/dev/physioflow/node_modules/.pnpm/@testing-library+react@16.3.2_@testing-library+dom@10.4.1_@types+react-dom@18.3.7_@types+reac_ao6itmcjbbkjrepy7cektjm4se/node_modules/@testing-library/react/dist/pure.js:160:12)\n    at /home/dang/dev/physioflow/node_modules/.pnpm/@testing-library+react@16.3.2_@testing-library+dom@10.4.1_@types+react-dom@18.3.7_@types+reac_ao6itmcjbbkjrepy7cektjm4se/node_modules/@testing-library/react/dist/pure.js:193:12\n    at /home/dang/dev/physioflow/node_modules/.pnpm/@testing-library+react@16.3.2_@testing-library+dom@10.4.1_@types+react-dom@18.3.7_@types+reac_ao6itmcjbbkjrepy7cektjm4se/node_modules/@testing-library/react/dist/act-compat.js:47:24\n    at act (/home/dang/dev/physioflow/node_modules/.pnpm/react@18.2.0/node_modules/react/cjs/react.development.js:2512:16)","Error: Should not already be working.\n    at performConcurrentWorkOnRoot (/home/dang/dev/physioflow/node_modules/.pnpm/react-dom@18.2.0_react@18.2.0/node_modules/react-dom/cjs/react-dom.development.js:25703:11)\n    at flushActQueue (/home/dang/dev/physioflow/node_modules/.pnpm/react@18.2.0/node_modules/react/cjs/react.development.js:2667:24)\n    at act (/home/dang/dev/physioflow/node_modules/.pnpm/react@18.2.0/node_modules/react/cjs/react.development.js:2582:11)\n    at /home/dang/dev/physioflow/node_modules/.pnpm/@testing-library+react@16.3.2_@testing-library+dom@10.4.1_@types+react-dom@18.3.7_@types+reac_ao6itmcjbbkjrepy7cektjm4se/node_modules/@testing-library/react/dist/act-compat.js:46:25\n    at /home/dang/dev/physioflow/node_modules/.pnpm/@testing-library+react@16.3.2_@testing-library+dom@10.4.1_@types+react-dom@18.3.7_@types+reac_ao6itmcjbbkjrepy7cektjm4se/node_modules/@testing-library/react/dist/pure.js:306:28\n    at Array.forEach (<anonymous>)\n    at Proxy.cleanup (/home/dang/dev/physioflow/node_modules/.pnpm/@testing-library+react@16.3.2_@testing-library+dom@10.4.1_@types+react-dom@18.3.7_@types+reac_ao6itmcjbbkjrepy7cektjm4se/node_modules/@testing-library/react/dist/pure.js:302:22)\n    at /home/dang/dev/physioflow/apps/web/src/__tests__/setup.ts:7:3\n    at file:///home/dang/dev/physioflow/node_modules/.pnpm/@vite
[...]
u001b[33mr\u001b[39m=\u001b[32m\"8\"\u001b[39m\n            \u001b[36m/>\u001b[39m\n            \u001b[36m<path\u001b[39m\n              \u001b[33md\u001b[39m=\u001b[32m\"m21 21-4.3-4.3\"\u001b[39m\n            \u001b[36m/>\u001b[39m\n          \u001b[36m</svg>\u001b[39m\n          \u001b[0mvalidation.title\u001b[0m\n        \u001b[36m</h3>\u001b[39m\n        \u001b[36m<p\u001b[39m\n          \u001b[33mclass\u001b[39m=\u001b[32m\"text-sm text-muted-foreground\"\u001b[39m\n        \u001b[36m>\u001b[39m\n          \u001b[0mvalidation.description\u001b[0m\n        \u001b[36m</p>\u001b[39m\n      \u001b[36m</div>\u001b[39m\n      \u001b[36m<div\u001b[39m\n        \u001b[33mclass\u001b[39m=\u001b[32m\"p-6 pt-0 space-y-4\"\u001b[39m\n      \u001b[36m>\u001b[39m\n        \u001b[36m<div\u001b[39m\n          \u001b[33mclass\u001b[39m=\u001b[32m\"flex gap-2\"\u001b[39m\n        \u001b[36m>\u001b[39m\n          \u001b[36m<input\u001b[39m\n            \u001b[33mclass\u001b[39m=\u001b[32m\"flex h-10 w-full rounded-md border border-input bg-background px-3 py-2 text-sm ring-offset-background file:border-0 file:bg-transparent file:text-sm file:font-medium file:text-foreground placeholder:text-muted-foreground focus-visible:outline-none focus-visible:ring-2 focus-visible:ring-ring focus-visible:ring-offset-2 disabled:cursor-not-allowed disabled:opacity-50 font-mono flex-1\"\u001b[39m\n            \u001b[33mmaxlength\u001b[39m=\u001b[32m\"15\"\u001b[39m\n            \u001b[33mplaceholder\u001b[39m=\u001b[32m\"DN4012345678901\"\u001b[39m\n            \u001b[33mvalue\u001b[39m=\u001b[32m\"DN4012345678901\"\u001b[39m\n          \u001b[36m/>\u001b[39m\n          \u001b[36m<button\u001b[39m\n            \u001b[33mclass\u001b[39m=\u001b[32m\"inline-flex items-center justify-center whitespace-nowrap rounded-md text-sm font-medium ring-offset-background transition-colors focus-visible:outline-none focus-visible:ring-2 focus-visible:ring-ring focus-visible:ring-offset-2 disabled:pointer-events-none disabled:opacity-50 bg-primary text-primary-foreground hover:bg-primary/90 h-10 px-4 py-2\"\u001b[39m\n          \u001b[36m>\u001b[39m\n            \u001b[0mvalidation.validate\u001b[0m\n          \u001b[36m</button>\u001b[39m\n        \u001b[36m</div>\u001b[39m\n        \u001b[36m<div\u001b[39m\n          \u001b[33mclass\u001b[39m=\u001b[32m\"rounded-lg border p-4 space-y-3\"\u001b[39m\n        \u001b[36m>\u001b[39m\n          \u001b[36m<div\u001b[39m\n            \u001b[33mclass\u001b[39m=\u001b[32m\"flex items-center justify-between\"\u001b[39m\n          \u001b[36m>\u001b[39m\n            \u001b[36m<div\u001b[39m\n              \u001b[33mclass\u001b[39m=\u001b[32m\"flex items-center gap-2\"\u001b[39m\n            \u001b[36m>\u001b[39m\n              \u001b[36m<svg\u001b[39m\n                \u001b[33mclass\u001b[39m=\u001b[32m\"lucide lucide-alert-triangle h-5 w-5 text-amber-600\"\u001b[39m\n                \u001b[33mfill\u001b[39m=\u001b[32m\"none\"\u001b[39m\n                \u001b[33mheight\u001b[39m=\u001b[32m\"24\"\u001b[39m\n                \u001b[33mstroke\u001b[39m=\u001b[32m\"currentColor\"\u001b[39m\n                \u001b[33mstroke-linecap\u001b[39m=\u001b[32m\"round\"\u001b[39m\n                \u001b[33mstroke-linejoin\u001b[39m=\u001b[32m\"round\"\u001b[39m\n                \u001b[33mstroke-width\u001b[39m=\u001b[32m\"2\"\u001b[39m\n                \u001b[33mviewBox\u001b[39m=\u001b[32m\"0 0 24 24\"\u001b[39m\n                \u001b[33mwidth\u001b[39m=\u001b[32m\"24\"\u001b[39m\n                \u001b[33mxmlns\u001b[39m=\u001b[32m\"http://www.w3.org/2000/svg\"\u001b[39m\n              \u001b[36m>\u001b[39m\n                \u001b[36m<path\u001b[39m\n                  \u001b[33md\u001b[39m=\u001b[32m\"m21.73 18-8-14a2 2 0 0 0-3.48 0l-8 14A2 2 0 0 0 4 21h16a2 2 0 0 0 1.73-3Z\"\u001b[39m\n                \u001b[36m/>\u001b[39m\n                \u001b[36m<path\u001b[39m\n                  \u001b[33md\u001b[39m=\u001b[32m\"M12 9v4\"\u001b[39m\n                \u001b[36m/>\u001b[39m\n                \u001b[36m<path\u001b[39m\n                  \u001b[33md\u001b[39m=\u001b[32m\"M12 17h.01\"\u001b[39m\n                \u001b[36m/>\u001b[39m\n              \u001b[36m</svg>\u001b[39m\n              \u001b[36m<span\u001b[39m\n                \u001b[33mclass\u001b[39m=\u001b[32m\"font-medium\"\u001b[39m\n              \u001b[36m>\u001b[39m\n                \u001b[0mvalidation.expired\u001b[0m\n              \u001b[36m</span>\u001b[39m\n            \u001b[36m</div>\u001b[39m\n            \u001b[36m<div\u001b[39m\n              \u001b[33mclass\u001b[39m=\u001b[32m\"inline-flex items-center rounded-full border px-2.5 py-0.5 text-xs font-semibold transition-colors focus:outline-none focus:ring-2 focus:ring-ring focus:ring-offset-2 border-transparent bg-secondary text-secondary-foreground hover:bg-secondary/80\"\u001b[39m\n            \u001b[36m>\u001b[39m\n              \u001b[0mvalidation.expired\u001b[0m\n            \u001b[36m</div>\u001b[39m\n          \u001b[36m</div>\u001b[39m\n          \u001b[36m<div\u001b[39m\n            \u001b[33mclass\u001b[39m=\u001b[32m\"grid grid-cols-2 gap-2 text-sm\"\u001b[39m\n          \u001b[36m>\u001b[39m\n            \u001b[36m<div>\u001b[39m\n              \u001b[36m<span\u001b[39m\n                \u001b[33mclass\u001b[39m=\u001b[32m\"text-muted-foreground\"\u001b[39m\n              \u001b[36m>\u001b[39m\n                \u001b[0mcard.number\u001b[0m\n                \u001b[0m:\u001b[0m\n              \u001b[36m</span>\u001b[39m\n              \u001b[36m<p\u001b[39m\n                \u001b[33mclass\u001b[39m=\u001b[32m\"font-mono font-medium\"\u001b[39m\n              \u001b[36m>\u001b[39m\n                \u001b[0mDN4012345678901\u001b[0m\n              \u001b[36m</p>\u001b[39m\n            \u001b[36m</div>\u001b[39m\n            \u001b[36m<div>\u001b[39m\n              \u001b[36m<span\u001b[39m\n                \u001b[33mclass\u001b[39m=\u001b[32m\"text-muted-foreground\"\u001b[39m\n              \u001b[36m>\u001b[39m\n                \u001b[0mcard.prefix\u001b[0m\n                \u001b[0m:\u001b[0m\n              \u001b[36m</span>\u001b[39m\n              \u001b[36m<p\u001b[39m\n                \u001b[33mclass\u001b[39m=\u001b[32m\"font-medium\"\u001b[39m\n              \u001b[36m>\u001b[39m\n                \u001b[0mDN - Doanh nghiep\u001b[0m\n              \u001b[36m</p>\u001b[39m\n            \u001b[36m</div>\u001b[39m\n            \u001b[36m<div>\u001b[39m\n              \u001b[36m<span\u001b[39m\n                \u001b[33mclass\u001b[39m=\u001b[32m\"text-muted-foreground\"\u001b[39m\n              \u001b[36m>\u001b[39m\n                \u001b[0mcard.coverage\u001b[0m\n                \u001b[0m:\u001b[0m\n              \u001b[36m</span>\u001b[39m\n              \u001b[36m<p\u001b[39m\n                \u001b[33mclass\u001b[39m=\u001b[32m\"font-medium\"\u001b[39m\n              \u001b[36m>\u001b[39m\n                \u001b[0m80\u001b[0m\n                \u001b[0m%\u001b[0m\n              \u001b[36m</p>\u001b[39m\n            \u001b[36m</div>\u001b[39m\n            \u001b[36m<div>\u001b[39m\n              \u001b[36m<span\u001b[39m\n                \u001b[33mclass\u001b[39m=\u001b[32m\"text-muted-foreground\"\u001b[39m\n              \u001b[36m>\u001b[39m\n                \u001b[0mcard.copay\u001b[0m\n                \u001b[0m:\u001b[0m\n              \u001b[36m</span>\u001b[39m\n              \u001b[36m<p\u001b[39m\n                \u001b[33mclass\u001b[39m=\u001b[32m\"font-medium\"\u001b[39m\n              \u001b[36m>\u001b[39m\n                \u001b[0m20\u001b[0m\n                \u001b[0m%\u001b[0m\n              \u001b[36m</p>\u001b[39m\n            \u001b[36m</div>\u001b[39m\n          \u001b[36m</div>\u001b[39m\n          \u001b[36m<p\u001b[39m\n            \u001b[33mclass\u001b[39m=\u001b[32m\"text-sm text-muted-foreground\"\u001b[39m\n          \u001b[36m>\u001b[39m\n            \u001b[0mCard has expired\u001b[0m\n          \u001b[36m</p>\u001b[39m\n        \u001b[36m</div>\u001b[39m\n      \u001b[36m</div>\u001b[39m\n    \u001b[36m</div>\u001b[39m\n  \u001b[36m</div>\u001b[39m\n\u001b[36m</body>\u001b[39m\n    at waitForWrapper (/home/dang/dev/physioflow/node_modules/.pnpm/@testing-library+dom@10.4.1/node_modules/@testing-library/dom/dist/wait-for.js:163:27)\n    at /home/dang/dev/physioflow/apps/web/src/components/insurance/__tests__/InsuranceValidator.test.tsx:446:13\n    at file:///home/dang/dev/physioflow/node_modules/.pnpm/@vitest+runner@4.0.18/node_modules/@vitest/runner/dist/index.js:915:20"],"meta":{}},{"ancestorTitles":["InsuranceValidator","Expired Card Warning"],"fullName":"InsuranceValidator Expired Card Warning does not call onValidResult for expired cards","status":"failed","title":"does not call onValidResult for expired cards","duration":1070.7430550000008,"failureMessages":["Error: Found multiple elements with the text: /validation.expired/i\n\nHere are the matching elements:\n\nIgnored nodes: comments, script, style\n\u001b[36m<span\u001b[39m\n  \u001b[33mclass\u001b[39m=\u001b[32m\"font-medium\"\u001b[39m\n\u001b[36m>\u001b[39m\n  \u001b[0mvalidation.expired\u001b[0m\n\u001b[36m</span>\u001b[39m\n\nIgnored nodes: comments, script, style\n\u001b[36m<div\u001b[39m\n  \u001b[33mclass\u001b[39m=\u001b[32m\"inline-flex items-center rounded-full border px-2.5 py-0.5 text-xs font-semibold transition-colors focus:outline-none focus:ring-2 focus:ring-ring focus:ring-offset-2 border-transparent bg-secondary text-secondary-foreground hover:bg-secondary/80\"\u001b[39m\n\u001b[36m>\u001b[39m\n  \u001b[0mvalidation.expired\u001b[0m\n\u001b[36m</div>\u001b[39m\n\n(If this is intentional, then use the `*AllBy*` variant of the query (like `queryAllByText`, `getAllByText`, or `findAllByText`)).\n\nIgnored nodes: comments, script, style\n\u001b[36m<body>\u001b[39m\n  \u001b[36m<div>\u001b[39m\n    \u001b[36m<div\u001b[39m\n      \u001b[33mclass\u001b[39m=\u001b[32m\"rounded-lg border bg-card text-card-foreground shadow-sm\"\u001b[39m\n    \u001b[36m>\u001b[39m\n      \u001b[36m<div\u001b[39m\n        \u001b[33mclass\u001b[39m=\u001b[32m\"flex flex-col space-y-1.5 p-6\"\u001b[39m\n      \u001b[36m>\u001b[39m\n        \u001b[36m<h3\u001b[39m\n          \u001b[33mclass\u001b[39m=\u001b[32m\"text-2xl font-semibold leading-none tracking-tight flex items-center gap-2\"\u001b[39m\n        \u001b[36m>\u001b[39m\n          \u001b[36m<svg\u001b[39m\n            \u001b[33mclass\u001b[39m=\u001b[32m\"lucide lucide-search h-5 w-5\"\u001b[39m\n            \u001b[33mfill\u001b[39m=\u001b[32m\"none\"\u001b[39m\n            \u001b[33mheight\u001b[39m=\u001b[32m\"24\"\u001b[39m\n            \u001b[33mstroke\u001b[39m=\u001b[32m\"currentColor\"\u001b[39m\n            \u001b[33mstroke-linecap\u001b[39m=\u001b[32m\"round\"\u001b[39m\n            \u001b[33mstroke-linejoin\u001b[39m=\u001b[32m\"round\"\u001b[39m\n            \u001b[33mstroke-width\u001b[39m=\u001b[32m\"2\"\u001b[39m\n            \u001b[33mviewBox\u001b[39m=\u001b[32m\"0 0 24 24\"\u001b[39m\n            \u001b[33mwidth\u001b[39m=\u001b[32m\"24\"\u001b[39m\n            \u001b[33mxmlns\u001b[39m=\u001b[32m\"http://www.w3.org/2000/svg\"\u001b[39m\n          \u001b[36m>\u001b[39m\n            \u001b[36m<circle\u001b[39m\n              \u001b[33mcx\u001b[39m=\u001b[32m\"11\"\u001b[39m\n              \u001b[33mcy\u001b[39m=\u001b[32m\"11\"\u001b[39m\n              \u001b[33mr\u001b[39m=\u001b[32m\"8\"\u001b[39m\n            \u001b[36m/>\u001b[39m\n            \u001b[36m<path\u001b[39m\n              \u001b[33md\u001b[39m=\u001b[32m\"m21 21-4.3-4.3\"\u001b[39m\n            \u001b[36m/>\u001b[39m\n          \u001b[36m</svg>\u001b[39m\n          \u001b[0mvalidation.title\u001b[0m\n        \u001b[36m</h3>\u001b[39m\n        \u001b[36m<p\u001b[39m\n          \u001b[33mclass\u001b[39m=\u001b[32m\"text-sm text-muted-foreground\"\u001b[39m\n        \u001b[36m>\u001b[39m\n          \u001b[0mvalidation.description\u001b[0m\n        \u001b[36m</p>\u001b[39m\n      \u001b[36m</div>\u001b[39m\n      \u001b[36m<div\u001b[39m\n        \u001b[33mclass\u001b[39m=\u001b[32m\"p-6 pt-0 space-y-4\"\u001b[39m\n      \u001b[36m>\u001b[39m\n        \u001b[36m<div\u001b[39m\n          \u001b[33mclass\u001b[39m=\u001b[32m\"flex gap-2\"\u001b[39m\n        \u001b[36m>\u001b[39m\n          \u001b[36m<input\u001b[39m\n            \u001b[33mclass\u001b[39m=\u001b[32m\"flex h-10 w-full rounded-md border border-input bg-background px-3 py-2 text-sm ring-offset-background file:border-0 file:bg-transparent file:text-sm file:font-medium file:text-foreground placeholder:text-muted-foreground focus-visible:outline-none focus-visible:ring-2 focus-visible:ring-ring focus-visible:ring-offset-2 disabled:cursor-not-allowed disabled:opacity-50 font-mono flex-1\"\u001b[39m\n            \u001b[33mmaxlength\u001b[39m=\u001b[32m\"15\"\u001b[39m\n            \u001b[33mplaceholder\u001b[39m=\u001b[32m\"DN4012345678901\"\u001b[39m\n            \u001b[33mvalue\u001b[39m=\u001b[32m\"DN4012345678901\"\u001b[39m\n          \u001b[36m/>\u001b[39m\n          \u001b[36m<button\u001b[39m\n            \u001b[33mclass\u001b[39m=\u001b[32m\"inline-flex items-center justify-center whitespace-nowrap rounded-md text-sm font-medium ring-offset-background transition-colors focus-visible:outline-none focus-visible:ring-2 focus-visible:ring-ring focus-visible:ring-offset-2 disabled:pointer-events-none disabled:opacity-50 bg-primary text-primary-foreground hover:bg-primary/90 h-10 px-4 py-2\"\u001b[39m\n          \u001b[36m>\u001b[39m\n            \u001b[0mvalidation.validate\u001b[0m\n          \u001b[36m</button>\u001b[39m\n        \u001b[36m</div>\u001b[39m\n        \u001b[36m<div\u001b[39m\n          \u001b[33mclass\u001b[39m=\u001b[32m\"rounded-lg border p-4 space-y-3\"\u001b[39m\n        \u001b[36m>\u001b[39m\n          \u001b[36m<div\u001b[39m\n            \u001b[33mclass\u001b[39m=\u001b[32m\"flex items-center justify-between\"\u001b[39m\n          \u001b[36m>\u001b[39m\n            \u001b[36m<div\u001b[39m\n              \u001b[33mclass\u001b[39m=\u001b[32m\"flex items-center gap-2\"\u001b[39m\n            \u001b[36m>\u001b[39m\n              \u001b[36m<svg\u001b[39m\n                \u001b[33mclass\u001b[39m=\u001b[32m\"lucide lucide-alert-triangle h-5 w-5 text-amber-600\"\u001b[39m\n                \u001b[33mfill\u001b[39m=\u001b[32m\"none\"\u001b[39m\n                \u001b[33mheight\u001b[39m=\u001b[32m\"24\"\u001b[39m\n                \u001b[33mstroke\u001b[39m=\u001b[32m\"currentColor\"\u001b[39m\n                \u001b[33mstroke-linecap\u001b[39m=\u001b[32m\"round\"\u001b[39m\n                \u001b[33mstroke-linejoin\u001b[39m=\u001b[32m\"round\"\u001b[39m\n                \u001b[33mstroke-width\u001b[39m=\u001b[32m\"2\"\u001b[39m\n                \u001b[33mviewBox\u001b[39m=\u001b[32m\"0 0 24 24\"\u001b[39m\n                \u001b[33mwidth\u001b[39m=\u001b[32m\"24\"\u001b[39m\n                \u001b[33mxmlns\u001b[39m=\u001b[32m\"http://www.w3.org/2000/svg\"\u001b[39m\n              \u001b[36m>\u001b[39m\n                \u001b[36m<path\u001b[39m\n                  \u001b[33md\u001b[39m=\u001b[32m\"m21.73 18-8-14a2 2 0 0 0-3.48 0l-8 14A2 2 0 0 0 4 21h16a2 2 0 0 0 1.73-3Z\"\u001b[39m\n                \u001b[36m/>\u001b[39m\n                \u001b[36m<path\u001b[39m\n                  \u001b[33md\u001b[39m=\u001b[32m\"M12 9v4\"\u001b[39m\n                \u001b[36m/>\u001b[39m\n                \u001b[36m<path\u001b[39m\n                  \u001b[33md\u001b[39m=\u001b[32m\"M12 17h.01\"\u001b[39m\n                \u001b[36m/>\u001b[39m\n              \u001b[36m</svg>\u001b[39m\n              \u001b[36m<span\u001b[39m\n                \u001b[33mclass\u001b[39m=\u001b[32m\"font-medium\"\u001b[39m\n              \u001b[36m>\u001b[39m\n                \u001b[0mvalidation.expired\u001b[0m\n              \u001b[36m</span>\u001b[39m\n            \u001b[36m</div>\u001b[39m\n            \u001b[36m<div\u001b[39m\n              \u001b[33mclass\u001b[39m=\u001b[32m\"inline-flex items-center rounded-full border px-2.5 py-0.5 text-xs font-semibold transition-colors focus:outline-none focus:ring-2 focus:ring-ring focus:ring-offset-2 border-transparent bg-secondary text-secondary-foreground hover:bg-secondary/80\"\u001b[39m\n            \u001b[36m>\u001b[39m\n              \u001b[0mvalidation.expired\u001b[0m\n            \u001b[36m</div>\u001b[39m\n          \u001b[36m</div>\u001b[39m\n          \u001b[36m<div\u001b[39m\n            \u001b[33mclass\u001b[39m=\u001b[32m\"grid grid-cols-2 gap-2 text-sm\"\u001b[39m\n          \u001b[36m>\u001b[39m\n            \u001b[36m<div>\u001b[39m\n              \u001b[36m<span\u001b[39m\n                \u001b[33mclass\u001b[39m=\u001b[32m\"text-muted-foreground\"\u001b[39m\n              \u001b[36m>\u001b[39m\n                \u001b[0mcard.number\u001b[0m\n                \u001b[0m:\u001b[0m\n              \u001b[36m</span>\u001b[39m\n              \u001b[36m<p\u001b[39m\n                \u001b[33mclass\u001b[39m=\u001b[32m\"font-mono font-medium\"\u001b[39m\n              \u001b[36m>\u001b[39m\n                \u001b[0mDN4012345678901\u001b[0m\n              \u001b[36m</p>\u001b[39m\n            \u001b[36m</div>\u001b[39m\n            \u001b[36m<div>\u001b[39m\n              \u001b[36m<span\u001b[39m\n                \u001b[33mclass\u001b[39m=\u001b[32m\"text-muted-foreground\"\u001b[39m\n              \u001b[36m>\u001b[39m\n                \u001b[0mcard.prefix\u001b[0m\n                \u001b[0m:\u001b[0m\n              \u001b[36m</span>\u001b[39m\n              \u001b[36m<p\u001b[39m\n                \u001b[33mclass\u001b[39m=\u001b[32m\"font-medium\"\u001b[39m\n              \u001b[36m>\u001b[39m\n                \u001b[0mDN - Doanh nghiep\u001b[0m\n              \u001b[36m</p>\u001b[39m\n            \u001b[36m</div>\u001b[39m\n            \u001b[36m<div>\u001b[39m\n              \u001b[36m<span\u001b[39m\n                \u001b[33mclass\u001b[39m=\u001b[32m\"text-muted-foreground\"\u001b[39m\n              \u001b[36m>\u001b[39m\n                \u001b[0mcard.coverage\u001b[0m\n                \u001b[0m:\u001b[0m\n              \u001b[36m</span>\u001b[39m\n              \u001b[36m<p\u001b[39m\n                \u001b[33mclass\u001b[39m=\u001b[32m\"font-medium\"\u001b[39m\n              \u001b[36m>\u001b[39m\n                \u001b[0m80\u001b[0m\n                \u001b[0m%\u001b[0m\n              \u001b[36m</p>\u001b[39m\n            \u001b[36m</div>\u001b[39m\n            \u001b[36m<div>\u001b[39m\n              \u001b[36m<span\u001b[39m\n                \u001b[33mclass\u001b[39m=\u001b[32m\"text-muted-foreground\"\u001b[39m\n              \u001b[36m>\u001b[39m\n                \u001b[0mcard.copay\u001b[0m\n                \u001b[0m:\u001b[0m\n              \u001b[36m</span>\u001b[39m\n              \u001b[36m<p\u001b[39m\n                \u001b[33mclass\u001b[39m=\u001b[32m\"font-medium\"\u001b[39m\n              \u001b[36m>\u001b[39m\n                \u001b[0m20\u001b[0m\n                \u001b[0m%\u001b[0m\n              \u001b[36m</p>\u001b[39m\n            \u001b[36m</div>\u001b[39m\n          \u001b[36m</div>\u001b[39m\n        \u001b[36m</div>\u001b[39m\n      \u001b[36m</div>\u001b[39m\n    \u001b[36m</div>\u001b[39m\n  \u001b[36m</div>\u001b[39m\n\u001b[36m</body>\u001b[39m\n    at waitForWrapper (/home/dang/dev/physioflow/node_modules/.pnpm/@testing-library+dom@10.4.1/node_modules/@testing-library/dom/dist/wait-for.js:163:27)\n    at /home/dang/dev/physioflow/apps/web/src/components/insurance/__tests__/InsuranceValidator.test.tsx:479:13\n    at file:///home/dang/dev/physioflow/node_modules/.pnpm/@vitest+runner@4.0.18/node_modules/@vitest/runner/dist/index.js:915:20"],"meta":{}}],"startTime":1770821376335,"endTime":1770821384056.7432,"status":"failed","message":"","name":"/home/dang/dev/physioflow/apps/web/src/components/insurance/__tests__/InsuranceValidator.test.tsx"}]}